Analysis & Synthesis report for ULA
Tue Nov 09 21:19:40 2021
Quartus Prime Version 20.1.0 Build 711 06/05/2020 SJ Lite Edition


---------------------
; Table of Contents ;
---------------------
  1. Legal Notice
  2. Analysis & Synthesis Summary
  3. Analysis & Synthesis Settings
  4. Parallel Compilation
  5. Analysis & Synthesis Source Files Read
  6. Analysis & Synthesis Resource Usage Summary
  7. Analysis & Synthesis Resource Utilization by Entity
  8. General Register Statistics
  9. Multiplexer Restructuring Statistics (Restructuring Performed)
 10. Port Connectivity Checks: "ULAbit32:ULA32"
 11. Port Connectivity Checks: "ULAbit_1a31:ULA31"
 12. Port Connectivity Checks: "ULAbit_1a31:ULA30"
 13. Port Connectivity Checks: "ULAbit_1a31:ULA29"
 14. Port Connectivity Checks: "ULAbit_1a31:ULA28"
 15. Port Connectivity Checks: "ULAbit_1a31:ULA27"
 16. Port Connectivity Checks: "ULAbit_1a31:ULA26"
 17. Port Connectivity Checks: "ULAbit_1a31:ULA25"
 18. Port Connectivity Checks: "ULAbit_1a31:ULA24"
 19. Port Connectivity Checks: "ULAbit_1a31:ULA23"
 20. Port Connectivity Checks: "ULAbit_1a31:ULA22"
 21. Port Connectivity Checks: "ULAbit_1a31:ULA21"
 22. Port Connectivity Checks: "ULAbit_1a31:ULA20"
 23. Port Connectivity Checks: "ULAbit_1a31:ULA19"
 24. Port Connectivity Checks: "ULAbit_1a31:ULA18"
 25. Port Connectivity Checks: "ULAbit_1a31:ULA17"
 26. Port Connectivity Checks: "ULAbit_1a31:ULA16"
 27. Port Connectivity Checks: "ULAbit_1a31:ULA15"
 28. Port Connectivity Checks: "ULAbit_1a31:ULA14"
 29. Port Connectivity Checks: "ULAbit_1a31:ULA13"
 30. Port Connectivity Checks: "ULAbit_1a31:ULA12"
 31. Port Connectivity Checks: "ULAbit_1a31:ULA11"
 32. Port Connectivity Checks: "ULAbit_1a31:ULA10"
 33. Port Connectivity Checks: "ULAbit_1a31:ULA9"
 34. Port Connectivity Checks: "ULAbit_1a31:ULA8"
 35. Port Connectivity Checks: "ULAbit_1a31:ULA7"
 36. Port Connectivity Checks: "ULAbit_1a31:ULA6"
 37. Port Connectivity Checks: "ULAbit_1a31:ULA5"
 38. Port Connectivity Checks: "ULAbit_1a31:ULA4"
 39. Port Connectivity Checks: "ULAbit_1a31:ULA3"
 40. Port Connectivity Checks: "ULAbit_1a31:ULA2"
 41. Post-Synthesis Netlist Statistics for Top Partition
 42. Elapsed Time Per Partition
 43. Analysis & Synthesis Messages



----------------
; Legal Notice ;
----------------
Copyright (C) 2020  Intel Corporation. All rights reserved.
Your use of Intel Corporation's design tools, logic functions 
and other software and tools, and any partner logic 
functions, and any output files from any of the foregoing 
(including device programming or simulation files), and any 
associated documentation or information are expressly subject 
to the terms and conditions of the Intel Program License 
Subscription Agreement, the Intel Quartus Prime License Agreement,
the Intel FPGA IP License Agreement, or other applicable license
agreement, including, without limitation, that your use is for
the sole purpose of programming logic devices manufactured by
Intel and sold by Intel or its authorized distributors.  Please
refer to the applicable agreement for further details, at
https://fpgasoftware.intel.com/eula.



+-------------------------------------------------------------------------------+
; Analysis & Synthesis Summary                                                  ;
+---------------------------------+---------------------------------------------+
; Analysis & Synthesis Status     ; Successful - Tue Nov 09 21:19:40 2021       ;
; Quartus Prime Version           ; 20.1.0 Build 711 06/05/2020 SJ Lite Edition ;
; Revision Name                   ; ULA                                         ;
; Top-level Entity Name           ; ULA                                         ;
; Family                          ; Cyclone V                                   ;
; Logic utilization (in ALMs)     ; N/A                                         ;
; Total registers                 ; 0                                           ;
; Total pins                      ; 100                                         ;
; Total virtual pins              ; 0                                           ;
; Total block memory bits         ; 0                                           ;
; Total DSP Blocks                ; 0                                           ;
; Total HSSI RX PCSs              ; 0                                           ;
; Total HSSI PMA RX Deserializers ; 0                                           ;
; Total HSSI TX PCSs              ; 0                                           ;
; Total HSSI PMA TX Serializers   ; 0                                           ;
; Total PLLs                      ; 0                                           ;
; Total DLLs                      ; 0                                           ;
+---------------------------------+---------------------------------------------+


+---------------------------------------------------------------------------------------------------------------------------+
; Analysis & Synthesis Settings                                                                                             ;
+---------------------------------------------------------------------------------+--------------------+--------------------+
; Option                                                                          ; Setting            ; Default Value      ;
+---------------------------------------------------------------------------------+--------------------+--------------------+
; Device                                                                          ; 5CGXFC7C7F23C8     ;                    ;
; Top-level entity name                                                           ; ULA                ; ULA                ;
; Family name                                                                     ; Cyclone V          ; Cyclone V          ;
; Maximum processors allowed for parallel compilation                             ; All                ;                    ;
; VHDL Show LMF Mapping Messages                                                  ; Off                ;                    ;
; VHDL Version                                                                    ; VHDL_2008          ; VHDL_1993          ;
; Use smart compilation                                                           ; Off                ; Off                ;
; Enable parallel Assembler and Timing Analyzer during compilation                ; On                 ; On                 ;
; Enable compact report table                                                     ; Off                ; Off                ;
; Restructure Multiplexers                                                        ; Auto               ; Auto               ;
; MLAB Add Timing Constraints For Mixed-Port Feed-Through Mode Setting Don't Care ; Off                ; Off                ;
; Create Debugging Nodes for IP Cores                                             ; Off                ; Off                ;
; Preserve fewer node names                                                       ; On                 ; On                 ;
; Intel FPGA IP Evaluation Mode                                                   ; Enable             ; Enable             ;
; Verilog Version                                                                 ; Verilog_2001       ; Verilog_2001       ;
; State Machine Processing                                                        ; Auto               ; Auto               ;
; Safe State Machine                                                              ; Off                ; Off                ;
; Extract Verilog State Machines                                                  ; On                 ; On                 ;
; Extract VHDL State Machines                                                     ; On                 ; On                 ;
; Ignore Verilog initial constructs                                               ; Off                ; Off                ;
; Iteration limit for constant Verilog loops                                      ; 5000               ; 5000               ;
; Iteration limit for non-constant Verilog loops                                  ; 250                ; 250                ;
; Add Pass-Through Logic to Inferred RAMs                                         ; On                 ; On                 ;
; Infer RAMs from Raw Logic                                                       ; On                 ; On                 ;
; Parallel Synthesis                                                              ; On                 ; On                 ;
; DSP Block Balancing                                                             ; Auto               ; Auto               ;
; NOT Gate Push-Back                                                              ; On                 ; On                 ;
; Power-Up Don't Care                                                             ; On                 ; On                 ;
; Remove Redundant Logic Cells                                                    ; Off                ; Off                ;
; Remove Duplicate Registers                                                      ; On                 ; On                 ;
; Ignore CARRY Buffers                                                            ; Off                ; Off                ;
; Ignore CASCADE Buffers                                                          ; Off                ; Off                ;
; Ignore GLOBAL Buffers                                                           ; Off                ; Off                ;
; Ignore ROW GLOBAL Buffers                                                       ; Off                ; Off                ;
; Ignore LCELL Buffers                                                            ; Off                ; Off                ;
; Ignore SOFT Buffers                                                             ; On                 ; On                 ;
; Limit AHDL Integers to 32 Bits                                                  ; Off                ; Off                ;
; Optimization Technique                                                          ; Balanced           ; Balanced           ;
; Carry Chain Length                                                              ; 70                 ; 70                 ;
; Auto Carry Chains                                                               ; On                 ; On                 ;
; Auto Open-Drain Pins                                                            ; On                 ; On                 ;
; Perform WYSIWYG Primitive Resynthesis                                           ; Off                ; Off                ;
; Auto ROM Replacement                                                            ; On                 ; On                 ;
; Auto RAM Replacement                                                            ; On                 ; On                 ;
; Auto DSP Block Replacement                                                      ; On                 ; On                 ;
; Auto Shift Register Replacement                                                 ; Auto               ; Auto               ;
; Allow Shift Register Merging across Hierarchies                                 ; Auto               ; Auto               ;
; Auto Clock Enable Replacement                                                   ; On                 ; On                 ;
; Strict RAM Replacement                                                          ; Off                ; Off                ;
; Allow Synchronous Control Signals                                               ; On                 ; On                 ;
; Force Use of Synchronous Clear Signals                                          ; Off                ; Off                ;
; Auto Resource Sharing                                                           ; Off                ; Off                ;
; Allow Any RAM Size For Recognition                                              ; Off                ; Off                ;
; Allow Any ROM Size For Recognition                                              ; Off                ; Off                ;
; Allow Any Shift Register Size For Recognition                                   ; Off                ; Off                ;
; Use LogicLock Constraints during Resource Balancing                             ; On                 ; On                 ;
; Ignore translate_off and synthesis_off directives                               ; Off                ; Off                ;
; Timing-Driven Synthesis                                                         ; On                 ; On                 ;
; Report Parameter Settings                                                       ; On                 ; On                 ;
; Report Source Assignments                                                       ; On                 ; On                 ;
; Report Connectivity Checks                                                      ; On                 ; On                 ;
; Ignore Maximum Fan-Out Assignments                                              ; Off                ; Off                ;
; Synchronization Register Chain Length                                           ; 3                  ; 3                  ;
; Power Optimization During Synthesis                                             ; Normal compilation ; Normal compilation ;
; HDL message level                                                               ; Level2             ; Level2             ;
; Suppress Register Optimization Related Messages                                 ; Off                ; Off                ;
; Number of Removed Registers Reported in Synthesis Report                        ; 5000               ; 5000               ;
; Number of Swept Nodes Reported in Synthesis Report                              ; 5000               ; 5000               ;
; Number of Inverted Registers Reported in Synthesis Report                       ; 100                ; 100                ;
; Clock MUX Protection                                                            ; On                 ; On                 ;
; Auto Gated Clock Conversion                                                     ; Off                ; Off                ;
; Block Design Naming                                                             ; Auto               ; Auto               ;
; SDC constraint protection                                                       ; Off                ; Off                ;
; Synthesis Effort                                                                ; Auto               ; Auto               ;
; Shift Register Replacement - Allow Asynchronous Clear Signal                    ; On                 ; On                 ;
; Pre-Mapping Resynthesis Optimization                                            ; Off                ; Off                ;
; Analysis & Synthesis Message Level                                              ; Medium             ; Medium             ;
; Disable Register Merging Across Hierarchies                                     ; Auto               ; Auto               ;
; Resource Aware Inference For Block RAM                                          ; On                 ; On                 ;
; Automatic Parallel Synthesis                                                    ; On                 ; On                 ;
; Partial Reconfiguration Bitstream ID                                            ; Off                ; Off                ;
+---------------------------------------------------------------------------------+--------------------+--------------------+


+------------------------------------------+
; Parallel Compilation                     ;
+----------------------------+-------------+
; Processors                 ; Number      ;
+----------------------------+-------------+
; Number detected on machine ; 12          ;
; Maximum allowed            ; 6           ;
;                            ;             ;
; Average used               ; 1.00        ;
; Maximum used               ; 1           ;
;                            ;             ;
; Usage by Processor         ; % Time Used ;
;     Processor 1            ; 100.0%      ;
+----------------------------+-------------+


+----------------------------------------------------------------------------------------------------------------------------------------------------------------------+
; Analysis & Synthesis Source Files Read                                                                                                                               ;
+----------------------------------+-----------------+-----------------+-------------------------------------------------------------------------------------+---------+
; File Name with User-Entered Path ; Used in Netlist ; File Type       ; File Name with Absolute Path                                                        ; Library ;
+----------------------------------+-----------------+-----------------+-------------------------------------------------------------------------------------+---------+
; ULAbit_1a31.vhd                  ; yes             ; User VHDL File  ; D:/INSPER-FILES/Facul/6S/Descomp/Quartus Projects 2/Aula 16/ULAbit_1a31.vhd         ;         ;
; ULAbit32.vhd                     ; yes             ; User VHDL File  ; D:/INSPER-FILES/Facul/6S/Descomp/Quartus Projects 2/Aula 16/ULAbit32.vhd            ;         ;
; somadorGenerico1bit.vhd          ; yes             ; User VHDL File  ; D:/INSPER-FILES/Facul/6S/Descomp/Quartus Projects 2/Aula 16/somadorGenerico1bit.vhd ;         ;
; muxGenerico4x1bit.vhd            ; yes             ; User VHDL File  ; D:/INSPER-FILES/Facul/6S/Descomp/Quartus Projects 2/Aula 16/muxGenerico4x1bit.vhd   ;         ;
; muxGenerico2x1bit.vhd            ; yes             ; User VHDL File  ; D:/INSPER-FILES/Facul/6S/Descomp/Quartus Projects 2/Aula 16/muxGenerico2x1bit.vhd   ;         ;
; ULA.vhd                          ; yes             ; User VHDL File  ; D:/INSPER-FILES/Facul/6S/Descomp/Quartus Projects 2/Aula 16/ULA.vhd                 ;         ;
+----------------------------------+-----------------+-----------------+-------------------------------------------------------------------------------------+---------+


+--------------------------------------------------------------+
; Analysis & Synthesis Resource Usage Summary                  ;
+---------------------------------------------+----------------+
; Resource                                    ; Usage          ;
+---------------------------------------------+----------------+
; Estimate of Logic utilization (ALMs needed) ; 86             ;
;                                             ;                ;
; Combinational ALUT usage for logic          ; 129            ;
;     -- 7 input functions                    ; 0              ;
;     -- 6 input functions                    ; 43             ;
;     -- 5 input functions                    ; 14             ;
;     -- 4 input functions                    ; 23             ;
;     -- <=3 input functions                  ; 49             ;
;                                             ;                ;
; Dedicated logic registers                   ; 0              ;
;                                             ;                ;
; I/O pins                                    ; 100            ;
;                                             ;                ;
; Total DSP Blocks                            ; 0              ;
;                                             ;                ;
; Maximum fan-out node                        ; inverteB~input ;
; Maximum fan-out                             ; 54             ;
; Total fan-out                               ; 658            ;
; Average fan-out                             ; 2.00           ;
+---------------------------------------------+----------------+


+--------------------------------------------------------------------------------------------------------------------------------------------------------------------------------------------------------------------------------+
; Analysis & Synthesis Resource Utilization by Entity                                                                                                                                                                            ;
+---------------------------------+---------------------+---------------------------+-------------------+------------+------+--------------+------------------------------------------------+---------------------+--------------+
; Compilation Hierarchy Node      ; Combinational ALUTs ; Dedicated Logic Registers ; Block Memory Bits ; DSP Blocks ; Pins ; Virtual Pins ; Full Hierarchy Name                            ; Entity Name         ; Library Name ;
+---------------------------------+---------------------+---------------------------+-------------------+------------+------+--------------+------------------------------------------------+---------------------+--------------+
; |ULA                            ; 129 (9)             ; 0 (0)                     ; 0                 ; 0          ; 100  ; 0            ; |ULA                                           ; ULA                 ; work         ;
;    |ULAbit32:ULA32|             ; 4 (0)               ; 0 (0)                     ; 0                 ; 0          ; 0    ; 0            ; |ULA|ULAbit32:ULA32                            ; ULAbit32            ; work         ;
;       |muxGenerico4x1bit:MuxS|  ; 3 (3)               ; 0 (0)                     ; 0                 ; 0          ; 0    ; 0            ; |ULA|ULAbit32:ULA32|muxGenerico4x1bit:MuxS     ; muxGenerico4x1bit   ; work         ;
;       |somadorGenerico1bit:som| ; 1 (1)               ; 0 (0)                     ; 0                 ; 0          ; 0    ; 0            ; |ULA|ULAbit32:ULA32|somadorGenerico1bit:som    ; somadorGenerico1bit ; work         ;
;    |ULAbit_1a31:ULA10|          ; 4 (0)               ; 0 (0)                     ; 0                 ; 0          ; 0    ; 0            ; |ULA|ULAbit_1a31:ULA10                         ; ULAbit_1a31         ; work         ;
;       |muxGenerico4x1bit:MuxS|  ; 1 (1)               ; 0 (0)                     ; 0                 ; 0          ; 0    ; 0            ; |ULA|ULAbit_1a31:ULA10|muxGenerico4x1bit:MuxS  ; muxGenerico4x1bit   ; work         ;
;       |somadorGenerico1bit:som| ; 3 (3)               ; 0 (0)                     ; 0                 ; 0          ; 0    ; 0            ; |ULA|ULAbit_1a31:ULA10|somadorGenerico1bit:som ; somadorGenerico1bit ; work         ;
;    |ULAbit_1a31:ULA11|          ; 4 (0)               ; 0 (0)                     ; 0                 ; 0          ; 0    ; 0            ; |ULA|ULAbit_1a31:ULA11                         ; ULAbit_1a31         ; work         ;
;       |muxGenerico2x1bit:MuxB|  ; 1 (1)               ; 0 (0)                     ; 0                 ; 0          ; 0    ; 0            ; |ULA|ULAbit_1a31:ULA11|muxGenerico2x1bit:MuxB  ; muxGenerico2x1bit   ; work         ;
;       |muxGenerico4x1bit:MuxS|  ; 2 (2)               ; 0 (0)                     ; 0                 ; 0          ; 0    ; 0            ; |ULA|ULAbit_1a31:ULA11|muxGenerico4x1bit:MuxS  ; muxGenerico4x1bit   ; work         ;
;       |somadorGenerico1bit:som| ; 1 (1)               ; 0 (0)                     ; 0                 ; 0          ; 0    ; 0            ; |ULA|ULAbit_1a31:ULA11|somadorGenerico1bit:som ; somadorGenerico1bit ; work         ;
;    |ULAbit_1a31:ULA12|          ; 3 (0)               ; 0 (0)                     ; 0                 ; 0          ; 0    ; 0            ; |ULA|ULAbit_1a31:ULA12                         ; ULAbit_1a31         ; work         ;
;       |muxGenerico2x1bit:MuxB|  ; 1 (1)               ; 0 (0)                     ; 0                 ; 0          ; 0    ; 0            ; |ULA|ULAbit_1a31:ULA12|muxGenerico2x1bit:MuxB  ; muxGenerico2x1bit   ; work         ;
;       |muxGenerico4x1bit:MuxS|  ; 1 (1)               ; 0 (0)                     ; 0                 ; 0          ; 0    ; 0            ; |ULA|ULAbit_1a31:ULA12|muxGenerico4x1bit:MuxS  ; muxGenerico4x1bit   ; work         ;
;       |somadorGenerico1bit:som| ; 1 (1)               ; 0 (0)                     ; 0                 ; 0          ; 0    ; 0            ; |ULA|ULAbit_1a31:ULA12|somadorGenerico1bit:som ; somadorGenerico1bit ; work         ;
;    |ULAbit_1a31:ULA13|          ; 2 (0)               ; 0 (0)                     ; 0                 ; 0          ; 0    ; 0            ; |ULA|ULAbit_1a31:ULA13                         ; ULAbit_1a31         ; work         ;
;       |muxGenerico2x1bit:MuxB|  ; 1 (1)               ; 0 (0)                     ; 0                 ; 0          ; 0    ; 0            ; |ULA|ULAbit_1a31:ULA13|muxGenerico2x1bit:MuxB  ; muxGenerico2x1bit   ; work         ;
;       |muxGenerico4x1bit:MuxS|  ; 1 (1)               ; 0 (0)                     ; 0                 ; 0          ; 0    ; 0            ; |ULA|ULAbit_1a31:ULA13|muxGenerico4x1bit:MuxS  ; muxGenerico4x1bit   ; work         ;
;    |ULAbit_1a31:ULA14|          ; 5 (0)               ; 0 (0)                     ; 0                 ; 0          ; 0    ; 0            ; |ULA|ULAbit_1a31:ULA14                         ; ULAbit_1a31         ; work         ;
;       |muxGenerico2x1bit:MuxB|  ; 1 (1)               ; 0 (0)                     ; 0                 ; 0          ; 0    ; 0            ; |ULA|ULAbit_1a31:ULA14|muxGenerico2x1bit:MuxB  ; muxGenerico2x1bit   ; work         ;
;       |muxGenerico4x1bit:MuxS|  ; 2 (2)               ; 0 (0)                     ; 0                 ; 0          ; 0    ; 0            ; |ULA|ULAbit_1a31:ULA14|muxGenerico4x1bit:MuxS  ; muxGenerico4x1bit   ; work         ;
;       |somadorGenerico1bit:som| ; 2 (2)               ; 0 (0)                     ; 0                 ; 0          ; 0    ; 0            ; |ULA|ULAbit_1a31:ULA14|somadorGenerico1bit:som ; somadorGenerico1bit ; work         ;
;    |ULAbit_1a31:ULA15|          ; 5 (0)               ; 0 (0)                     ; 0                 ; 0          ; 0    ; 0            ; |ULA|ULAbit_1a31:ULA15                         ; ULAbit_1a31         ; work         ;
;       |muxGenerico2x1bit:MuxB|  ; 1 (1)               ; 0 (0)                     ; 0                 ; 0          ; 0    ; 0            ; |ULA|ULAbit_1a31:ULA15|muxGenerico2x1bit:MuxB  ; muxGenerico2x1bit   ; work         ;
;       |muxGenerico4x1bit:MuxS|  ; 1 (1)               ; 0 (0)                     ; 0                 ; 0          ; 0    ; 0            ; |ULA|ULAbit_1a31:ULA15|muxGenerico4x1bit:MuxS  ; muxGenerico4x1bit   ; work         ;
;       |somadorGenerico1bit:som| ; 3 (3)               ; 0 (0)                     ; 0                 ; 0          ; 0    ; 0            ; |ULA|ULAbit_1a31:ULA15|somadorGenerico1bit:som ; somadorGenerico1bit ; work         ;
;    |ULAbit_1a31:ULA16|          ; 4 (0)               ; 0 (0)                     ; 0                 ; 0          ; 0    ; 0            ; |ULA|ULAbit_1a31:ULA16                         ; ULAbit_1a31         ; work         ;
;       |muxGenerico2x1bit:MuxB|  ; 1 (1)               ; 0 (0)                     ; 0                 ; 0          ; 0    ; 0            ; |ULA|ULAbit_1a31:ULA16|muxGenerico2x1bit:MuxB  ; muxGenerico2x1bit   ; work         ;
;       |muxGenerico4x1bit:MuxS|  ; 2 (2)               ; 0 (0)                     ; 0                 ; 0          ; 0    ; 0            ; |ULA|ULAbit_1a31:ULA16|muxGenerico4x1bit:MuxS  ; muxGenerico4x1bit   ; work         ;
;       |somadorGenerico1bit:som| ; 1 (1)               ; 0 (0)                     ; 0                 ; 0          ; 0    ; 0            ; |ULA|ULAbit_1a31:ULA16|somadorGenerico1bit:som ; somadorGenerico1bit ; work         ;
;    |ULAbit_1a31:ULA17|          ; 3 (0)               ; 0 (0)                     ; 0                 ; 0          ; 0    ; 0            ; |ULA|ULAbit_1a31:ULA17                         ; ULAbit_1a31         ; work         ;
;       |muxGenerico2x1bit:MuxB|  ; 1 (1)               ; 0 (0)                     ; 0                 ; 0          ; 0    ; 0            ; |ULA|ULAbit_1a31:ULA17|muxGenerico2x1bit:MuxB  ; muxGenerico2x1bit   ; work         ;
;       |muxGenerico4x1bit:MuxS|  ; 1 (1)               ; 0 (0)                     ; 0                 ; 0          ; 0    ; 0            ; |ULA|ULAbit_1a31:ULA17|muxGenerico4x1bit:MuxS  ; muxGenerico4x1bit   ; work         ;
;       |somadorGenerico1bit:som| ; 1 (1)               ; 0 (0)                     ; 0                 ; 0          ; 0    ; 0            ; |ULA|ULAbit_1a31:ULA17|somadorGenerico1bit:som ; somadorGenerico1bit ; work         ;
;    |ULAbit_1a31:ULA18|          ; 2 (0)               ; 0 (0)                     ; 0                 ; 0          ; 0    ; 0            ; |ULA|ULAbit_1a31:ULA18                         ; ULAbit_1a31         ; work         ;
;       |muxGenerico2x1bit:MuxB|  ; 1 (1)               ; 0 (0)                     ; 0                 ; 0          ; 0    ; 0            ; |ULA|ULAbit_1a31:ULA18|muxGenerico2x1bit:MuxB  ; muxGenerico2x1bit   ; work         ;
;       |muxGenerico4x1bit:MuxS|  ; 1 (1)               ; 0 (0)                     ; 0                 ; 0          ; 0    ; 0            ; |ULA|ULAbit_1a31:ULA18|muxGenerico4x1bit:MuxS  ; muxGenerico4x1bit   ; work         ;
;    |ULAbit_1a31:ULA19|          ; 5 (0)               ; 0 (0)                     ; 0                 ; 0          ; 0    ; 0            ; |ULA|ULAbit_1a31:ULA19                         ; ULAbit_1a31         ; work         ;
;       |muxGenerico2x1bit:MuxB|  ; 1 (1)               ; 0 (0)                     ; 0                 ; 0          ; 0    ; 0            ; |ULA|ULAbit_1a31:ULA19|muxGenerico2x1bit:MuxB  ; muxGenerico2x1bit   ; work         ;
;       |muxGenerico4x1bit:MuxS|  ; 2 (2)               ; 0 (0)                     ; 0                 ; 0          ; 0    ; 0            ; |ULA|ULAbit_1a31:ULA19|muxGenerico4x1bit:MuxS  ; muxGenerico4x1bit   ; work         ;
;       |somadorGenerico1bit:som| ; 2 (2)               ; 0 (0)                     ; 0                 ; 0          ; 0    ; 0            ; |ULA|ULAbit_1a31:ULA19|somadorGenerico1bit:som ; somadorGenerico1bit ; work         ;
;    |ULAbit_1a31:ULA1|           ; 4 (0)               ; 0 (0)                     ; 0                 ; 0          ; 0    ; 0            ; |ULA|ULAbit_1a31:ULA1                          ; ULAbit_1a31         ; work         ;
;       |muxGenerico4x1bit:MuxS|  ; 4 (4)               ; 0 (0)                     ; 0                 ; 0          ; 0    ; 0            ; |ULA|ULAbit_1a31:ULA1|muxGenerico4x1bit:MuxS   ; muxGenerico4x1bit   ; work         ;
;    |ULAbit_1a31:ULA20|          ; 5 (0)               ; 0 (0)                     ; 0                 ; 0          ; 0    ; 0            ; |ULA|ULAbit_1a31:ULA20                         ; ULAbit_1a31         ; work         ;
;       |muxGenerico2x1bit:MuxB|  ; 1 (1)               ; 0 (0)                     ; 0                 ; 0          ; 0    ; 0            ; |ULA|ULAbit_1a31:ULA20|muxGenerico2x1bit:MuxB  ; muxGenerico2x1bit   ; work         ;
;       |muxGenerico4x1bit:MuxS|  ; 1 (1)               ; 0 (0)                     ; 0                 ; 0          ; 0    ; 0            ; |ULA|ULAbit_1a31:ULA20|muxGenerico4x1bit:MuxS  ; muxGenerico4x1bit   ; work         ;
;       |somadorGenerico1bit:som| ; 3 (3)               ; 0 (0)                     ; 0                 ; 0          ; 0    ; 0            ; |ULA|ULAbit_1a31:ULA20|somadorGenerico1bit:som ; somadorGenerico1bit ; work         ;
;    |ULAbit_1a31:ULA21|          ; 4 (0)               ; 0 (0)                     ; 0                 ; 0          ; 0    ; 0            ; |ULA|ULAbit_1a31:ULA21                         ; ULAbit_1a31         ; work         ;
;       |muxGenerico2x1bit:MuxB|  ; 1 (1)               ; 0 (0)                     ; 0                 ; 0          ; 0    ; 0            ; |ULA|ULAbit_1a31:ULA21|muxGenerico2x1bit:MuxB  ; muxGenerico2x1bit   ; work         ;
;       |muxGenerico4x1bit:MuxS|  ; 2 (2)               ; 0 (0)                     ; 0                 ; 0          ; 0    ; 0            ; |ULA|ULAbit_1a31:ULA21|muxGenerico4x1bit:MuxS  ; muxGenerico4x1bit   ; work         ;
;       |somadorGenerico1bit:som| ; 1 (1)               ; 0 (0)                     ; 0                 ; 0          ; 0    ; 0            ; |ULA|ULAbit_1a31:ULA21|somadorGenerico1bit:som ; somadorGenerico1bit ; work         ;
;    |ULAbit_1a31:ULA22|          ; 3 (0)               ; 0 (0)                     ; 0                 ; 0          ; 0    ; 0            ; |ULA|ULAbit_1a31:ULA22                         ; ULAbit_1a31         ; work         ;
;       |muxGenerico2x1bit:MuxB|  ; 1 (1)               ; 0 (0)                     ; 0                 ; 0          ; 0    ; 0            ; |ULA|ULAbit_1a31:ULA22|muxGenerico2x1bit:MuxB  ; muxGenerico2x1bit   ; work         ;
;       |muxGenerico4x1bit:MuxS|  ; 1 (1)               ; 0 (0)                     ; 0                 ; 0          ; 0    ; 0            ; |ULA|ULAbit_1a31:ULA22|muxGenerico4x1bit:MuxS  ; muxGenerico4x1bit   ; work         ;
;       |somadorGenerico1bit:som| ; 1 (1)               ; 0 (0)                     ; 0                 ; 0          ; 0    ; 0            ; |ULA|ULAbit_1a31:ULA22|somadorGenerico1bit:som ; somadorGenerico1bit ; work         ;
;    |ULAbit_1a31:ULA23|          ; 2 (0)               ; 0 (0)                     ; 0                 ; 0          ; 0    ; 0            ; |ULA|ULAbit_1a31:ULA23                         ; ULAbit_1a31         ; work         ;
;       |muxGenerico2x1bit:MuxB|  ; 1 (1)               ; 0 (0)                     ; 0                 ; 0          ; 0    ; 0            ; |ULA|ULAbit_1a31:ULA23|muxGenerico2x1bit:MuxB  ; muxGenerico2x1bit   ; work         ;
;       |muxGenerico4x1bit:MuxS|  ; 1 (1)               ; 0 (0)                     ; 0                 ; 0          ; 0    ; 0            ; |ULA|ULAbit_1a31:ULA23|muxGenerico4x1bit:MuxS  ; muxGenerico4x1bit   ; work         ;
;    |ULAbit_1a31:ULA24|          ; 5 (0)               ; 0 (0)                     ; 0                 ; 0          ; 0    ; 0            ; |ULA|ULAbit_1a31:ULA24                         ; ULAbit_1a31         ; work         ;
;       |muxGenerico2x1bit:MuxB|  ; 1 (1)               ; 0 (0)                     ; 0                 ; 0          ; 0    ; 0            ; |ULA|ULAbit_1a31:ULA24|muxGenerico2x1bit:MuxB  ; muxGenerico2x1bit   ; work         ;
;       |muxGenerico4x1bit:MuxS|  ; 2 (2)               ; 0 (0)                     ; 0                 ; 0          ; 0    ; 0            ; |ULA|ULAbit_1a31:ULA24|muxGenerico4x1bit:MuxS  ; muxGenerico4x1bit   ; work         ;
;       |somadorGenerico1bit:som| ; 2 (2)               ; 0 (0)                     ; 0                 ; 0          ; 0    ; 0            ; |ULA|ULAbit_1a31:ULA24|somadorGenerico1bit:som ; somadorGenerico1bit ; work         ;
;    |ULAbit_1a31:ULA25|          ; 5 (0)               ; 0 (0)                     ; 0                 ; 0          ; 0    ; 0            ; |ULA|ULAbit_1a31:ULA25                         ; ULAbit_1a31         ; work         ;
;       |muxGenerico2x1bit:MuxB|  ; 1 (1)               ; 0 (0)                     ; 0                 ; 0          ; 0    ; 0            ; |ULA|ULAbit_1a31:ULA25|muxGenerico2x1bit:MuxB  ; muxGenerico2x1bit   ; work         ;
;       |muxGenerico4x1bit:MuxS|  ; 1 (1)               ; 0 (0)                     ; 0                 ; 0          ; 0    ; 0            ; |ULA|ULAbit_1a31:ULA25|muxGenerico4x1bit:MuxS  ; muxGenerico4x1bit   ; work         ;
;       |somadorGenerico1bit:som| ; 3 (3)               ; 0 (0)                     ; 0                 ; 0          ; 0    ; 0            ; |ULA|ULAbit_1a31:ULA25|somadorGenerico1bit:som ; somadorGenerico1bit ; work         ;
;    |ULAbit_1a31:ULA26|          ; 4 (0)               ; 0 (0)                     ; 0                 ; 0          ; 0    ; 0            ; |ULA|ULAbit_1a31:ULA26                         ; ULAbit_1a31         ; work         ;
;       |muxGenerico2x1bit:MuxB|  ; 1 (1)               ; 0 (0)                     ; 0                 ; 0          ; 0    ; 0            ; |ULA|ULAbit_1a31:ULA26|muxGenerico2x1bit:MuxB  ; muxGenerico2x1bit   ; work         ;
;       |muxGenerico4x1bit:MuxS|  ; 2 (2)               ; 0 (0)                     ; 0                 ; 0          ; 0    ; 0            ; |ULA|ULAbit_1a31:ULA26|muxGenerico4x1bit:MuxS  ; muxGenerico4x1bit   ; work         ;
;       |somadorGenerico1bit:som| ; 1 (1)               ; 0 (0)                     ; 0                 ; 0          ; 0    ; 0            ; |ULA|ULAbit_1a31:ULA26|somadorGenerico1bit:som ; somadorGenerico1bit ; work         ;
;    |ULAbit_1a31:ULA27|          ; 3 (0)               ; 0 (0)                     ; 0                 ; 0          ; 0    ; 0            ; |ULA|ULAbit_1a31:ULA27                         ; ULAbit_1a31         ; work         ;
;       |muxGenerico2x1bit:MuxB|  ; 1 (1)               ; 0 (0)                     ; 0                 ; 0          ; 0    ; 0            ; |ULA|ULAbit_1a31:ULA27|muxGenerico2x1bit:MuxB  ; muxGenerico2x1bit   ; work         ;
;       |muxGenerico4x1bit:MuxS|  ; 1 (1)               ; 0 (0)                     ; 0                 ; 0          ; 0    ; 0            ; |ULA|ULAbit_1a31:ULA27|muxGenerico4x1bit:MuxS  ; muxGenerico4x1bit   ; work         ;
;       |somadorGenerico1bit:som| ; 1 (1)               ; 0 (0)                     ; 0                 ; 0          ; 0    ; 0            ; |ULA|ULAbit_1a31:ULA27|somadorGenerico1bit:som ; somadorGenerico1bit ; work         ;
;    |ULAbit_1a31:ULA28|          ; 2 (0)               ; 0 (0)                     ; 0                 ; 0          ; 0    ; 0            ; |ULA|ULAbit_1a31:ULA28                         ; ULAbit_1a31         ; work         ;
;       |muxGenerico2x1bit:MuxB|  ; 1 (1)               ; 0 (0)                     ; 0                 ; 0          ; 0    ; 0            ; |ULA|ULAbit_1a31:ULA28|muxGenerico2x1bit:MuxB  ; muxGenerico2x1bit   ; work         ;
;       |muxGenerico4x1bit:MuxS|  ; 1 (1)               ; 0 (0)                     ; 0                 ; 0          ; 0    ; 0            ; |ULA|ULAbit_1a31:ULA28|muxGenerico4x1bit:MuxS  ; muxGenerico4x1bit   ; work         ;
;    |ULAbit_1a31:ULA29|          ; 5 (0)               ; 0 (0)                     ; 0                 ; 0          ; 0    ; 0            ; |ULA|ULAbit_1a31:ULA29                         ; ULAbit_1a31         ; work         ;
;       |muxGenerico2x1bit:MuxB|  ; 1 (1)               ; 0 (0)                     ; 0                 ; 0          ; 0    ; 0            ; |ULA|ULAbit_1a31:ULA29|muxGenerico2x1bit:MuxB  ; muxGenerico2x1bit   ; work         ;
;       |muxGenerico4x1bit:MuxS|  ; 2 (2)               ; 0 (0)                     ; 0                 ; 0          ; 0    ; 0            ; |ULA|ULAbit_1a31:ULA29|muxGenerico4x1bit:MuxS  ; muxGenerico4x1bit   ; work         ;
;       |somadorGenerico1bit:som| ; 2 (2)               ; 0 (0)                     ; 0                 ; 0          ; 0    ; 0            ; |ULA|ULAbit_1a31:ULA29|somadorGenerico1bit:som ; somadorGenerico1bit ; work         ;
;    |ULAbit_1a31:ULA2|           ; 4 (0)               ; 0 (0)                     ; 0                 ; 0          ; 0    ; 0            ; |ULA|ULAbit_1a31:ULA2                          ; ULAbit_1a31         ; work         ;
;       |muxGenerico4x1bit:MuxS|  ; 2 (2)               ; 0 (0)                     ; 0                 ; 0          ; 0    ; 0            ; |ULA|ULAbit_1a31:ULA2|muxGenerico4x1bit:MuxS   ; muxGenerico4x1bit   ; work         ;
;       |somadorGenerico1bit:som| ; 2 (2)               ; 0 (0)                     ; 0                 ; 0          ; 0    ; 0            ; |ULA|ULAbit_1a31:ULA2|somadorGenerico1bit:som  ; somadorGenerico1bit ; work         ;
;    |ULAbit_1a31:ULA30|          ; 5 (0)               ; 0 (0)                     ; 0                 ; 0          ; 0    ; 0            ; |ULA|ULAbit_1a31:ULA30                         ; ULAbit_1a31         ; work         ;
;       |muxGenerico2x1bit:MuxB|  ; 1 (1)               ; 0 (0)                     ; 0                 ; 0          ; 0    ; 0            ; |ULA|ULAbit_1a31:ULA30|muxGenerico2x1bit:MuxB  ; muxGenerico2x1bit   ; work         ;
;       |muxGenerico4x1bit:MuxS|  ; 1 (1)               ; 0 (0)                     ; 0                 ; 0          ; 0    ; 0            ; |ULA|ULAbit_1a31:ULA30|muxGenerico4x1bit:MuxS  ; muxGenerico4x1bit   ; work         ;
;       |somadorGenerico1bit:som| ; 3 (3)               ; 0 (0)                     ; 0                 ; 0          ; 0    ; 0            ; |ULA|ULAbit_1a31:ULA30|somadorGenerico1bit:som ; somadorGenerico1bit ; work         ;
;    |ULAbit_1a31:ULA31|          ; 3 (0)               ; 0 (0)                     ; 0                 ; 0          ; 0    ; 0            ; |ULA|ULAbit_1a31:ULA31                         ; ULAbit_1a31         ; work         ;
;       |muxGenerico2x1bit:MuxB|  ; 1 (1)               ; 0 (0)                     ; 0                 ; 0          ; 0    ; 0            ; |ULA|ULAbit_1a31:ULA31|muxGenerico2x1bit:MuxB  ; muxGenerico2x1bit   ; work         ;
;       |muxGenerico4x1bit:MuxS|  ; 2 (2)               ; 0 (0)                     ; 0                 ; 0          ; 0    ; 0            ; |ULA|ULAbit_1a31:ULA31|muxGenerico4x1bit:MuxS  ; muxGenerico4x1bit   ; work         ;
;    |ULAbit_1a31:ULA3|           ; 2 (0)               ; 0 (0)                     ; 0                 ; 0          ; 0    ; 0            ; |ULA|ULAbit_1a31:ULA3                          ; ULAbit_1a31         ; work         ;
;       |muxGenerico2x1bit:MuxB|  ; 1 (1)               ; 0 (0)                     ; 0                 ; 0          ; 0    ; 0            ; |ULA|ULAbit_1a31:ULA3|muxGenerico2x1bit:MuxB   ; muxGenerico2x1bit   ; work         ;
;       |muxGenerico4x1bit:MuxS|  ; 1 (1)               ; 0 (0)                     ; 0                 ; 0          ; 0    ; 0            ; |ULA|ULAbit_1a31:ULA3|muxGenerico4x1bit:MuxS   ; muxGenerico4x1bit   ; work         ;
;    |ULAbit_1a31:ULA4|           ; 5 (0)               ; 0 (0)                     ; 0                 ; 0          ; 0    ; 0            ; |ULA|ULAbit_1a31:ULA4                          ; ULAbit_1a31         ; work         ;
;       |muxGenerico2x1bit:MuxB|  ; 1 (1)               ; 0 (0)                     ; 0                 ; 0          ; 0    ; 0            ; |ULA|ULAbit_1a31:ULA4|muxGenerico2x1bit:MuxB   ; muxGenerico2x1bit   ; work         ;
;       |muxGenerico4x1bit:MuxS|  ; 2 (2)               ; 0 (0)                     ; 0                 ; 0          ; 0    ; 0            ; |ULA|ULAbit_1a31:ULA4|muxGenerico4x1bit:MuxS   ; muxGenerico4x1bit   ; work         ;
;       |somadorGenerico1bit:som| ; 2 (2)               ; 0 (0)                     ; 0                 ; 0          ; 0    ; 0            ; |ULA|ULAbit_1a31:ULA4|somadorGenerico1bit:som  ; somadorGenerico1bit ; work         ;
;    |ULAbit_1a31:ULA5|           ; 4 (0)               ; 0 (0)                     ; 0                 ; 0          ; 0    ; 0            ; |ULA|ULAbit_1a31:ULA5                          ; ULAbit_1a31         ; work         ;
;       |muxGenerico4x1bit:MuxS|  ; 1 (1)               ; 0 (0)                     ; 0                 ; 0          ; 0    ; 0            ; |ULA|ULAbit_1a31:ULA5|muxGenerico4x1bit:MuxS   ; muxGenerico4x1bit   ; work         ;
;       |somadorGenerico1bit:som| ; 3 (3)               ; 0 (0)                     ; 0                 ; 0          ; 0    ; 0            ; |ULA|ULAbit_1a31:ULA5|somadorGenerico1bit:som  ; somadorGenerico1bit ; work         ;
;    |ULAbit_1a31:ULA6|           ; 4 (0)               ; 0 (0)                     ; 0                 ; 0          ; 0    ; 0            ; |ULA|ULAbit_1a31:ULA6                          ; ULAbit_1a31         ; work         ;
;       |muxGenerico2x1bit:MuxB|  ; 1 (1)               ; 0 (0)                     ; 0                 ; 0          ; 0    ; 0            ; |ULA|ULAbit_1a31:ULA6|muxGenerico2x1bit:MuxB   ; muxGenerico2x1bit   ; work         ;
;       |muxGenerico4x1bit:MuxS|  ; 2 (2)               ; 0 (0)                     ; 0                 ; 0          ; 0    ; 0            ; |ULA|ULAbit_1a31:ULA6|muxGenerico4x1bit:MuxS   ; muxGenerico4x1bit   ; work         ;
;       |somadorGenerico1bit:som| ; 1 (1)               ; 0 (0)                     ; 0                 ; 0          ; 0    ; 0            ; |ULA|ULAbit_1a31:ULA6|somadorGenerico1bit:som  ; somadorGenerico1bit ; work         ;
;    |ULAbit_1a31:ULA7|           ; 3 (0)               ; 0 (0)                     ; 0                 ; 0          ; 0    ; 0            ; |ULA|ULAbit_1a31:ULA7                          ; ULAbit_1a31         ; work         ;
;       |muxGenerico2x1bit:MuxB|  ; 1 (1)               ; 0 (0)                     ; 0                 ; 0          ; 0    ; 0            ; |ULA|ULAbit_1a31:ULA7|muxGenerico2x1bit:MuxB   ; muxGenerico2x1bit   ; work         ;
;       |muxGenerico4x1bit:MuxS|  ; 1 (1)               ; 0 (0)                     ; 0                 ; 0          ; 0    ; 0            ; |ULA|ULAbit_1a31:ULA7|muxGenerico4x1bit:MuxS   ; muxGenerico4x1bit   ; work         ;
;       |somadorGenerico1bit:som| ; 1 (1)               ; 0 (0)                     ; 0                 ; 0          ; 0    ; 0            ; |ULA|ULAbit_1a31:ULA7|somadorGenerico1bit:som  ; somadorGenerico1bit ; work         ;
;    |ULAbit_1a31:ULA8|           ; 2 (0)               ; 0 (0)                     ; 0                 ; 0          ; 0    ; 0            ; |ULA|ULAbit_1a31:ULA8                          ; ULAbit_1a31         ; work         ;
;       |muxGenerico2x1bit:MuxB|  ; 1 (1)               ; 0 (0)                     ; 0                 ; 0          ; 0    ; 0            ; |ULA|ULAbit_1a31:ULA8|muxGenerico2x1bit:MuxB   ; muxGenerico2x1bit   ; work         ;
;       |muxGenerico4x1bit:MuxS|  ; 1 (1)               ; 0 (0)                     ; 0                 ; 0          ; 0    ; 0            ; |ULA|ULAbit_1a31:ULA8|muxGenerico4x1bit:MuxS   ; muxGenerico4x1bit   ; work         ;
;    |ULAbit_1a31:ULA9|           ; 5 (0)               ; 0 (0)                     ; 0                 ; 0          ; 0    ; 0            ; |ULA|ULAbit_1a31:ULA9                          ; ULAbit_1a31         ; work         ;
;       |muxGenerico2x1bit:MuxB|  ; 1 (1)               ; 0 (0)                     ; 0                 ; 0          ; 0    ; 0            ; |ULA|ULAbit_1a31:ULA9|muxGenerico2x1bit:MuxB   ; muxGenerico2x1bit   ; work         ;
;       |muxGenerico4x1bit:MuxS|  ; 2 (2)               ; 0 (0)                     ; 0                 ; 0          ; 0    ; 0            ; |ULA|ULAbit_1a31:ULA9|muxGenerico4x1bit:MuxS   ; muxGenerico4x1bit   ; work         ;
;       |somadorGenerico1bit:som| ; 2 (2)               ; 0 (0)                     ; 0                 ; 0          ; 0    ; 0            ; |ULA|ULAbit_1a31:ULA9|somadorGenerico1bit:som  ; somadorGenerico1bit ; work         ;
+---------------------------------+---------------------+---------------------------+-------------------+------------+------+--------------+------------------------------------------------+---------------------+--------------+
Note: For table entries with two numbers listed, the numbers in parentheses indicate the number of resources of the given type used by the specific entity alone. The numbers listed outside of parentheses indicate the total resources of the given type used by the specific entity and all of its sub-entities in the hierarchy.


+------------------------------------------------------+
; General Register Statistics                          ;
+----------------------------------------------+-------+
; Statistic                                    ; Value ;
+----------------------------------------------+-------+
; Total registers                              ; 0     ;
; Number of registers using Synchronous Clear  ; 0     ;
; Number of registers using Synchronous Load   ; 0     ;
; Number of registers using Asynchronous Clear ; 0     ;
; Number of registers using Asynchronous Load  ; 0     ;
; Number of registers using Clock Enable       ; 0     ;
; Number of registers using Preset             ; 0     ;
+----------------------------------------------+-------+


+------------------------------------------------------------------------------------------------------------------------------------------------------------------+
; Multiplexer Restructuring Statistics (Restructuring Performed)                                                                                                   ;
+--------------------+-----------+---------------+----------------------+------------------------+------------+----------------------------------------------------+
; Multiplexer Inputs ; Bus Width ; Baseline Area ; Area if Restructured ; Saving if Restructured ; Registered ; Example Multiplexer Output                         ;
+--------------------+-----------+---------------+----------------------+------------------------+------------+----------------------------------------------------+
; 4:1                ; 31 bits   ; 62 LEs        ; 62 LEs               ; 0 LEs                  ; No         ; |ULA|ULAbit_1a31:ULA9|muxGenerico4x1bit:MuxS|saida ;
+--------------------+-----------+---------------+----------------------+------------------------+------------+----------------------------------------------------+


+--------------------------------------------+
; Port Connectivity Checks: "ULAbit32:ULA32" ;
+------+-------+----------+------------------+
; Port ; Type  ; Severity ; Details          ;
+------+-------+----------+------------------+
; slt  ; Input ; Info     ; Stuck at GND     ;
+------+-------+----------+------------------+


+-----------------------------------------------+
; Port Connectivity Checks: "ULAbit_1a31:ULA31" ;
+------+-------+----------+---------------------+
; Port ; Type  ; Severity ; Details             ;
+------+-------+----------+---------------------+
; slt  ; Input ; Info     ; Stuck at GND        ;
+------+-------+----------+---------------------+


+-----------------------------------------------+
; Port Connectivity Checks: "ULAbit_1a31:ULA30" ;
+------+-------+----------+---------------------+
; Port ; Type  ; Severity ; Details             ;
+------+-------+----------+---------------------+
; slt  ; Input ; Info     ; Stuck at GND        ;
+------+-------+----------+---------------------+


+-----------------------------------------------+
; Port Connectivity Checks: "ULAbit_1a31:ULA29" ;
+------+-------+----------+---------------------+
; Port ; Type  ; Severity ; Details             ;
+------+-------+----------+---------------------+
; slt  ; Input ; Info     ; Stuck at GND        ;
+------+-------+----------+---------------------+


+-----------------------------------------------+
; Port Connectivity Checks: "ULAbit_1a31:ULA28" ;
+------+-------+----------+---------------------+
; Port ; Type  ; Severity ; Details             ;
+------+-------+----------+---------------------+
; slt  ; Input ; Info     ; Stuck at GND        ;
+------+-------+----------+---------------------+


+-----------------------------------------------+
; Port Connectivity Checks: "ULAbit_1a31:ULA27" ;
+------+-------+----------+---------------------+
; Port ; Type  ; Severity ; Details             ;
+------+-------+----------+---------------------+
; slt  ; Input ; Info     ; Stuck at GND        ;
+------+-------+----------+---------------------+


+-----------------------------------------------+
; Port Connectivity Checks: "ULAbit_1a31:ULA26" ;
+------+-------+----------+---------------------+
; Port ; Type  ; Severity ; Details             ;
+------+-------+----------+---------------------+
; slt  ; Input ; Info     ; Stuck at GND        ;
+------+-------+----------+---------------------+


+-----------------------------------------------+
; Port Connectivity Checks: "ULAbit_1a31:ULA25" ;
+------+-------+----------+---------------------+
; Port ; Type  ; Severity ; Details             ;
+------+-------+----------+---------------------+
; slt  ; Input ; Info     ; Stuck at GND        ;
+------+-------+----------+---------------------+


+-----------------------------------------------+
; Port Connectivity Checks: "ULAbit_1a31:ULA24" ;
+------+-------+----------+---------------------+
; Port ; Type  ; Severity ; Details             ;
+------+-------+----------+---------------------+
; slt  ; Input ; Info     ; Stuck at GND        ;
+------+-------+----------+---------------------+


+-----------------------------------------------+
; Port Connectivity Checks: "ULAbit_1a31:ULA23" ;
+------+-------+----------+---------------------+
; Port ; Type  ; Severity ; Details             ;
+------+-------+----------+---------------------+
; slt  ; Input ; Info     ; Stuck at GND        ;
+------+-------+----------+---------------------+


+-----------------------------------------------+
; Port Connectivity Checks: "ULAbit_1a31:ULA22" ;
+------+-------+----------+---------------------+
; Port ; Type  ; Severity ; Details             ;
+------+-------+----------+---------------------+
; slt  ; Input ; Info     ; Stuck at GND        ;
+------+-------+----------+---------------------+


+-----------------------------------------------+
; Port Connectivity Checks: "ULAbit_1a31:ULA21" ;
+------+-------+----------+---------------------+
; Port ; Type  ; Severity ; Details             ;
+------+-------+----------+---------------------+
; slt  ; Input ; Info     ; Stuck at GND        ;
+------+-------+----------+---------------------+


+-----------------------------------------------+
; Port Connectivity Checks: "ULAbit_1a31:ULA20" ;
+------+-------+----------+---------------------+
; Port ; Type  ; Severity ; Details             ;
+------+-------+----------+---------------------+
; slt  ; Input ; Info     ; Stuck at GND        ;
+------+-------+----------+---------------------+


+-----------------------------------------------+
; Port Connectivity Checks: "ULAbit_1a31:ULA19" ;
+------+-------+----------+---------------------+
; Port ; Type  ; Severity ; Details             ;
+------+-------+----------+---------------------+
; slt  ; Input ; Info     ; Stuck at GND        ;
+------+-------+----------+---------------------+


+-----------------------------------------------+
; Port Connectivity Checks: "ULAbit_1a31:ULA18" ;
+------+-------+----------+---------------------+
; Port ; Type  ; Severity ; Details             ;
+------+-------+----------+---------------------+
; slt  ; Input ; Info     ; Stuck at GND        ;
+------+-------+----------+---------------------+


+-----------------------------------------------+
; Port Connectivity Checks: "ULAbit_1a31:ULA17" ;
+------+-------+----------+---------------------+
; Port ; Type  ; Severity ; Details             ;
+------+-------+----------+---------------------+
; slt  ; Input ; Info     ; Stuck at GND        ;
+------+-------+----------+---------------------+


+-----------------------------------------------+
; Port Connectivity Checks: "ULAbit_1a31:ULA16" ;
+------+-------+----------+---------------------+
; Port ; Type  ; Severity ; Details             ;
+------+-------+----------+---------------------+
; slt  ; Input ; Info     ; Stuck at GND        ;
+------+-------+----------+---------------------+


+-----------------------------------------------+
; Port Connectivity Checks: "ULAbit_1a31:ULA15" ;
+------+-------+----------+---------------------+
; Port ; Type  ; Severity ; Details             ;
+------+-------+----------+---------------------+
; slt  ; Input ; Info     ; Stuck at GND        ;
+------+-------+----------+---------------------+


+-----------------------------------------------+
; Port Connectivity Checks: "ULAbit_1a31:ULA14" ;
+------+-------+----------+---------------------+
; Port ; Type  ; Severity ; Details             ;
+------+-------+----------+---------------------+
; slt  ; Input ; Info     ; Stuck at GND        ;
+------+-------+----------+---------------------+


+-----------------------------------------------+
; Port Connectivity Checks: "ULAbit_1a31:ULA13" ;
+------+-------+----------+---------------------+
; Port ; Type  ; Severity ; Details             ;
+------+-------+----------+---------------------+
; slt  ; Input ; Info     ; Stuck at GND        ;
+------+-------+----------+---------------------+


+-----------------------------------------------+
; Port Connectivity Checks: "ULAbit_1a31:ULA12" ;
+------+-------+----------+---------------------+
; Port ; Type  ; Severity ; Details             ;
+------+-------+----------+---------------------+
; slt  ; Input ; Info     ; Stuck at GND        ;
+------+-------+----------+---------------------+


+-----------------------------------------------+
; Port Connectivity Checks: "ULAbit_1a31:ULA11" ;
+------+-------+----------+---------------------+
; Port ; Type  ; Severity ; Details             ;
+------+-------+----------+---------------------+
; slt  ; Input ; Info     ; Stuck at GND        ;
+------+-------+----------+---------------------+


+-----------------------------------------------+
; Port Connectivity Checks: "ULAbit_1a31:ULA10" ;
+------+-------+----------+---------------------+
; Port ; Type  ; Severity ; Details             ;
+------+-------+----------+---------------------+
; slt  ; Input ; Info     ; Stuck at GND        ;
+------+-------+----------+---------------------+


+----------------------------------------------+
; Port Connectivity Checks: "ULAbit_1a31:ULA9" ;
+------+-------+----------+--------------------+
; Port ; Type  ; Severity ; Details            ;
+------+-------+----------+--------------------+
; slt  ; Input ; Info     ; Stuck at GND       ;
+------+-------+----------+--------------------+


+----------------------------------------------+
; Port Connectivity Checks: "ULAbit_1a31:ULA8" ;
+------+-------+----------+--------------------+
; Port ; Type  ; Severity ; Details            ;
+------+-------+----------+--------------------+
; slt  ; Input ; Info     ; Stuck at GND       ;
+------+-------+----------+--------------------+


+----------------------------------------------+
; Port Connectivity Checks: "ULAbit_1a31:ULA7" ;
+------+-------+----------+--------------------+
; Port ; Type  ; Severity ; Details            ;
+------+-------+----------+--------------------+
; slt  ; Input ; Info     ; Stuck at GND       ;
+------+-------+----------+--------------------+


+----------------------------------------------+
; Port Connectivity Checks: "ULAbit_1a31:ULA6" ;
+------+-------+----------+--------------------+
; Port ; Type  ; Severity ; Details            ;
+------+-------+----------+--------------------+
; slt  ; Input ; Info     ; Stuck at GND       ;
+------+-------+----------+--------------------+


+----------------------------------------------+
; Port Connectivity Checks: "ULAbit_1a31:ULA5" ;
+------+-------+----------+--------------------+
; Port ; Type  ; Severity ; Details            ;
+------+-------+----------+--------------------+
; slt  ; Input ; Info     ; Stuck at GND       ;
+------+-------+----------+--------------------+


+----------------------------------------------+
; Port Connectivity Checks: "ULAbit_1a31:ULA4" ;
+------+-------+----------+--------------------+
; Port ; Type  ; Severity ; Details            ;
+------+-------+----------+--------------------+
; slt  ; Input ; Info     ; Stuck at GND       ;
+------+-------+----------+--------------------+


+----------------------------------------------+
; Port Connectivity Checks: "ULAbit_1a31:ULA3" ;
+------+-------+----------+--------------------+
; Port ; Type  ; Severity ; Details            ;
+------+-------+----------+--------------------+
; slt  ; Input ; Info     ; Stuck at GND       ;
+------+-------+----------+--------------------+


+----------------------------------------------+
; Port Connectivity Checks: "ULAbit_1a31:ULA2" ;
+------+-------+----------+--------------------+
; Port ; Type  ; Severity ; Details            ;
+------+-------+----------+--------------------+
; slt  ; Input ; Info     ; Stuck at GND       ;
+------+-------+----------+--------------------+


+-----------------------------------------------------+
; Post-Synthesis Netlist Statistics for Top Partition ;
+-----------------------+-----------------------------+
; Type                  ; Count                       ;
+-----------------------+-----------------------------+
; arriav_lcell_comb     ; 129                         ;
;     normal            ; 129                         ;
;         2 data inputs ; 42                          ;
;         3 data inputs ; 7                           ;
;         4 data inputs ; 23                          ;
;         5 data inputs ; 14                          ;
;         6 data inputs ; 43                          ;
; boundary_port         ; 100                         ;
;                       ;                             ;
; Max LUT depth         ; 14.00                       ;
; Average LUT depth     ; 10.06                       ;
+-----------------------+-----------------------------+


+-------------------------------+
; Elapsed Time Per Partition    ;
+----------------+--------------+
; Partition Name ; Elapsed Time ;
+----------------+--------------+
; Top            ; 00:00:00     ;
+----------------+--------------+


+-------------------------------+
; Analysis & Synthesis Messages ;
+-------------------------------+
Info: *******************************************************************
Info: Running Quartus Prime Analysis & Synthesis
    Info: Version 20.1.0 Build 711 06/05/2020 SJ Lite Edition
    Info: Processing started: Tue Nov 09 21:19:33 2021
Info: Command: quartus_map --read_settings_files=on --write_settings_files=off ULA -c ULA
Info (20030): Parallel compilation is enabled and will use 6 of the 6 processors detected
Info (12021): Found 2 design units, including 1 entities, in source file ulabit_1a31.vhd
    Info (12022): Found design unit 1: ULAbit_1a31-comportamento File: D:/INSPER-FILES/Facul/6S/Descomp/Quartus Projects 2/Aula 16/ULAbit_1a31.vhd Line: 19
    Info (12023): Found entity 1: ULAbit_1a31 File: D:/INSPER-FILES/Facul/6S/Descomp/Quartus Projects 2/Aula 16/ULAbit_1a31.vhd Line: 5
Info (12021): Found 2 design units, including 1 entities, in source file ulabit32.vhd
    Info (12022): Found design unit 1: ULAbit32-comportamento File: D:/INSPER-FILES/Facul/6S/Descomp/Quartus Projects 2/Aula 16/ULAbit32.vhd Line: 19
    Info (12023): Found entity 1: ULAbit32 File: D:/INSPER-FILES/Facul/6S/Descomp/Quartus Projects 2/Aula 16/ULAbit32.vhd Line: 5
Info (12021): Found 2 design units, including 1 entities, in source file somadorgenerico1bit.vhd
    Info (12022): Found design unit 1: somadorGenerico1bit-comportamento File: D:/INSPER-FILES/Facul/6S/Descomp/Quartus Projects 2/Aula 16/somadorGenerico1bit.vhd Line: 16
    Info (12023): Found entity 1: somadorGenerico1bit File: D:/INSPER-FILES/Facul/6S/Descomp/Quartus Projects 2/Aula 16/somadorGenerico1bit.vhd Line: 5
Info (12021): Found 2 design units, including 1 entities, in source file muxgenerico4x1bit.vhd
    Info (12022): Found design unit 1: muxGenerico4x1bit-comportamento File: D:/INSPER-FILES/Facul/6S/Descomp/Quartus Projects 2/Aula 16/muxGenerico4x1bit.vhd Line: 12
    Info (12023): Found entity 1: muxGenerico4x1bit File: D:/INSPER-FILES/Facul/6S/Descomp/Quartus Projects 2/Aula 16/muxGenerico4x1bit.vhd Line: 4
Info (12021): Found 2 design units, including 1 entities, in source file muxgenerico2x1bit.vhd
    Info (12022): Found design unit 1: muxGenerico2x1bit-comportamento File: D:/INSPER-FILES/Facul/6S/Descomp/Quartus Projects 2/Aula 16/muxGenerico2x1bit.vhd Line: 12
    Info (12023): Found entity 1: muxGenerico2x1bit File: D:/INSPER-FILES/Facul/6S/Descomp/Quartus Projects 2/Aula 16/muxGenerico2x1bit.vhd Line: 4
Info (12021): Found 2 design units, including 1 entities, in source file ula.vhd
    Info (12022): Found design unit 1: ULA-comportamento File: D:/INSPER-FILES/Facul/6S/Descomp/Quartus Projects 2/Aula 16/ULA.vhd Line: 18
    Info (12023): Found entity 1: ULA File: D:/INSPER-FILES/Facul/6S/Descomp/Quartus Projects 2/Aula 16/ULA.vhd Line: 5
Info (12127): Elaborating entity "ULA" for the top level hierarchy
Info (12128): Elaborating entity "ULAbit_1a31" for hierarchy "ULAbit_1a31:ULA1" File: D:/INSPER-FILES/Facul/6S/Descomp/Quartus Projects 2/Aula 16/ULA.vhd Line: 35
Info (12128): Elaborating entity "muxGenerico2x1bit" for hierarchy "ULAbit_1a31:ULA1|muxGenerico2x1bit:MuxB" File: D:/INSPER-FILES/Facul/6S/Descomp/Quartus Projects 2/Aula 16/ULAbit_1a31.vhd Line: 28
Info (12128): Elaborating entity "somadorGenerico1bit" for hierarchy "ULAbit_1a31:ULA1|somadorGenerico1bit:som" File: D:/INSPER-FILES/Facul/6S/Descomp/Quartus Projects 2/Aula 16/ULAbit_1a31.vhd Line: 35
Info (12128): Elaborating entity "muxGenerico4x1bit" for hierarchy "ULAbit_1a31:ULA1|muxGenerico4x1bit:MuxS" File: D:/INSPER-FILES/Facul/6S/Descomp/Quartus Projects 2/Aula 16/ULAbit_1a31.vhd Line: 43
Info (12128): Elaborating entity "ULAbit32" for hierarchy "ULAbit32:ULA32" File: D:/INSPER-FILES/Facul/6S/Descomp/Quartus Projects 2/Aula 16/ULA.vhd Line: 376
Info (286030): Timing-Driven Synthesis is running
Info (16010): Generating hard_block partition "hard_block:auto_generated_inst"
    Info (16011): Adding 0 node(s), including 0 DDIO, 0 PLL, 0 transceiver and 0 LCELL
Info (21057): Implemented 229 device resources after synthesis - the final resource count might be different
    Info (21058): Implemented 67 input pins
    Info (21059): Implemented 33 output pins
    Info (21061): Implemented 129 logic cells
Info: Quartus Prime Analysis & Synthesis was successful. 0 errors, 0 warnings
    Info: Peak virtual memory: 4846 megabytes
    Info: Processing ended: Tue Nov 09 21:19:40 2021
    Info: Elapsed time: 00:00:07
    Info: Total CPU time (on all processors): 00:00:15


