Analysis & Synthesis report for Aula5
Wed Sep 15 11:14:45 2021
Quartus Prime Version 20.1.0 Build 711 06/05/2020 SJ Lite Edition


---------------------
; Table of Contents ;
---------------------
  1. Legal Notice
  2. Analysis & Synthesis Summary
  3. Analysis & Synthesis Settings
  4. Parallel Compilation
  5. Analysis & Synthesis Source Files Read
  6. Analysis & Synthesis Resource Usage Summary
  7. Analysis & Synthesis Resource Utilization by Entity
  8. Registers Removed During Synthesis
  9. General Register Statistics
 10. Multiplexer Restructuring Statistics (Restructuring Performed)
 11. Parameter Settings for User Entity Instance: Top-level Entity: |Aula5
 12. Parameter Settings for User Entity Instance: muxGenerico2x1:MUX
 13. Parameter Settings for User Entity Instance: registradorGenerico:ACU
 14. Parameter Settings for User Entity Instance: registradorGenerico:PC
 15. Parameter Settings for User Entity Instance: ULASomaSub:ULA
 16. Parameter Settings for User Entity Instance: memoriaROM:ROM
 17. Parameter Settings for User Entity Instance: Decoder:DEC
 18. Parameter Settings for User Entity Instance: somaConstante:SOM
 19. Parameter Settings for User Entity Instance: memoriaRAM:MEM
 20. Parameter Settings for User Entity Instance: muxGenerico4x1:MUX4
 21. Parameter Settings for User Entity Instance: LogicBlock:LOG
 22. Parameter Settings for User Entity Instance: registrador1bit:FREG
 23. Parameter Settings for User Entity Instance: registradorGenerico:RREG
 24. Port Connectivity Checks: "registradorGenerico:RREG"
 25. Port Connectivity Checks: "registrador1bit:FREG"
 26. Port Connectivity Checks: "muxGenerico4x1:MUX4"
 27. Port Connectivity Checks: "Decoder:DEC"
 28. Port Connectivity Checks: "registradorGenerico:PC"
 29. Port Connectivity Checks: "registradorGenerico:ACU"
 30. Post-Synthesis Netlist Statistics for Top Partition
 31. Elapsed Time Per Partition
 32. Analysis & Synthesis Messages



----------------
; Legal Notice ;
----------------
Copyright (C) 2020  Intel Corporation. All rights reserved.
Your use of Intel Corporation's design tools, logic functions 
and other software and tools, and any partner logic 
functions, and any output files from any of the foregoing 
(including device programming or simulation files), and any 
associated documentation or information are expressly subject 
to the terms and conditions of the Intel Program License 
Subscription Agreement, the Intel Quartus Prime License Agreement,
the Intel FPGA IP License Agreement, or other applicable license
agreement, including, without limitation, that your use is for
the sole purpose of programming logic devices manufactured by
Intel and sold by Intel or its authorized distributors.  Please
refer to the applicable agreement for further details, at
https://fpgasoftware.intel.com/eula.



+-------------------------------------------------------------------------------+
; Analysis & Synthesis Summary                                                  ;
+---------------------------------+---------------------------------------------+
; Analysis & Synthesis Status     ; Successful - Wed Sep 15 11:14:45 2021       ;
; Quartus Prime Version           ; 20.1.0 Build 711 06/05/2020 SJ Lite Edition ;
; Revision Name                   ; Aula5                                       ;
; Top-level Entity Name           ; Aula5                                       ;
; Family                          ; Cyclone V                                   ;
; Logic utilization (in ALMs)     ; N/A                                         ;
; Total registers                 ; 91                                          ;
; Total pins                      ; 25                                          ;
; Total virtual pins              ; 0                                           ;
; Total block memory bits         ; 0                                           ;
; Total DSP Blocks                ; 0                                           ;
; Total HSSI RX PCSs              ; 0                                           ;
; Total HSSI PMA RX Deserializers ; 0                                           ;
; Total HSSI TX PCSs              ; 0                                           ;
; Total HSSI PMA TX Serializers   ; 0                                           ;
; Total PLLs                      ; 0                                           ;
; Total DLLs                      ; 0                                           ;
+---------------------------------+---------------------------------------------+


+---------------------------------------------------------------------------------------------------------------------------+
; Analysis & Synthesis Settings                                                                                             ;
+---------------------------------------------------------------------------------+--------------------+--------------------+
; Option                                                                          ; Setting            ; Default Value      ;
+---------------------------------------------------------------------------------+--------------------+--------------------+
; Device                                                                          ; 5CGXFC7C7F23C8     ;                    ;
; Top-level entity name                                                           ; Aula5              ; Aula5              ;
; Family name                                                                     ; Cyclone V          ; Cyclone V          ;
; Maximum processors allowed for parallel compilation                             ; All                ;                    ;
; VHDL Show LMF Mapping Messages                                                  ; Off                ;                    ;
; VHDL Version                                                                    ; VHDL_2008          ; VHDL_1993          ;
; Use smart compilation                                                           ; Off                ; Off                ;
; Enable parallel Assembler and Timing Analyzer during compilation                ; On                 ; On                 ;
; Enable compact report table                                                     ; Off                ; Off                ;
; Restructure Multiplexers                                                        ; Auto               ; Auto               ;
; MLAB Add Timing Constraints For Mixed-Port Feed-Through Mode Setting Don't Care ; Off                ; Off                ;
; Create Debugging Nodes for IP Cores                                             ; Off                ; Off                ;
; Preserve fewer node names                                                       ; On                 ; On                 ;
; Intel FPGA IP Evaluation Mode                                                   ; Enable             ; Enable             ;
; Verilog Version                                                                 ; Verilog_2001       ; Verilog_2001       ;
; State Machine Processing                                                        ; Auto               ; Auto               ;
; Safe State Machine                                                              ; Off                ; Off                ;
; Extract Verilog State Machines                                                  ; On                 ; On                 ;
; Extract VHDL State Machines                                                     ; On                 ; On                 ;
; Ignore Verilog initial constructs                                               ; Off                ; Off                ;
; Iteration limit for constant Verilog loops                                      ; 5000               ; 5000               ;
; Iteration limit for non-constant Verilog loops                                  ; 250                ; 250                ;
; Add Pass-Through Logic to Inferred RAMs                                         ; On                 ; On                 ;
; Infer RAMs from Raw Logic                                                       ; On                 ; On                 ;
; Parallel Synthesis                                                              ; On                 ; On                 ;
; DSP Block Balancing                                                             ; Auto               ; Auto               ;
; NOT Gate Push-Back                                                              ; On                 ; On                 ;
; Power-Up Don't Care                                                             ; On                 ; On                 ;
; Remove Redundant Logic Cells                                                    ; Off                ; Off                ;
; Remove Duplicate Registers                                                      ; On                 ; On                 ;
; Ignore CARRY Buffers                                                            ; Off                ; Off                ;
; Ignore CASCADE Buffers                                                          ; Off                ; Off                ;
; Ignore GLOBAL Buffers                                                           ; Off                ; Off                ;
; Ignore ROW GLOBAL Buffers                                                       ; Off                ; Off                ;
; Ignore LCELL Buffers                                                            ; Off                ; Off                ;
; Ignore SOFT Buffers                                                             ; On                 ; On                 ;
; Limit AHDL Integers to 32 Bits                                                  ; Off                ; Off                ;
; Optimization Technique                                                          ; Balanced           ; Balanced           ;
; Carry Chain Length                                                              ; 70                 ; 70                 ;
; Auto Carry Chains                                                               ; On                 ; On                 ;
; Auto Open-Drain Pins                                                            ; On                 ; On                 ;
; Perform WYSIWYG Primitive Resynthesis                                           ; Off                ; Off                ;
; Auto ROM Replacement                                                            ; On                 ; On                 ;
; Auto RAM Replacement                                                            ; On                 ; On                 ;
; Auto DSP Block Replacement                                                      ; On                 ; On                 ;
; Auto Shift Register Replacement                                                 ; Auto               ; Auto               ;
; Allow Shift Register Merging across Hierarchies                                 ; Auto               ; Auto               ;
; Auto Clock Enable Replacement                                                   ; On                 ; On                 ;
; Strict RAM Replacement                                                          ; Off                ; Off                ;
; Allow Synchronous Control Signals                                               ; On                 ; On                 ;
; Force Use of Synchronous Clear Signals                                          ; Off                ; Off                ;
; Auto Resource Sharing                                                           ; Off                ; Off                ;
; Allow Any RAM Size For Recognition                                              ; Off                ; Off                ;
; Allow Any ROM Size For Recognition                                              ; Off                ; Off                ;
; Allow Any Shift Register Size For Recognition                                   ; Off                ; Off                ;
; Use LogicLock Constraints during Resource Balancing                             ; On                 ; On                 ;
; Ignore translate_off and synthesis_off directives                               ; Off                ; Off                ;
; Timing-Driven Synthesis                                                         ; On                 ; On                 ;
; Report Parameter Settings                                                       ; On                 ; On                 ;
; Report Source Assignments                                                       ; On                 ; On                 ;
; Report Connectivity Checks                                                      ; On                 ; On                 ;
; Ignore Maximum Fan-Out Assignments                                              ; Off                ; Off                ;
; Synchronization Register Chain Length                                           ; 3                  ; 3                  ;
; Power Optimization During Synthesis                                             ; Normal compilation ; Normal compilation ;
; HDL message level                                                               ; Level2             ; Level2             ;
; Suppress Register Optimization Related Messages                                 ; Off                ; Off                ;
; Number of Removed Registers Reported in Synthesis Report                        ; 5000               ; 5000               ;
; Number of Swept Nodes Reported in Synthesis Report                              ; 5000               ; 5000               ;
; Number of Inverted Registers Reported in Synthesis Report                       ; 100                ; 100                ;
; Clock MUX Protection                                                            ; On                 ; On                 ;
; Auto Gated Clock Conversion                                                     ; Off                ; Off                ;
; Block Design Naming                                                             ; Auto               ; Auto               ;
; SDC constraint protection                                                       ; Off                ; Off                ;
; Synthesis Effort                                                                ; Auto               ; Auto               ;
; Shift Register Replacement - Allow Asynchronous Clear Signal                    ; On                 ; On                 ;
; Pre-Mapping Resynthesis Optimization                                            ; Off                ; Off                ;
; Analysis & Synthesis Message Level                                              ; Medium             ; Medium             ;
; Disable Register Merging Across Hierarchies                                     ; Auto               ; Auto               ;
; Resource Aware Inference For Block RAM                                          ; On                 ; On                 ;
; Automatic Parallel Synthesis                                                    ; On                 ; On                 ;
; Partial Reconfiguration Bitstream ID                                            ; Off                ; Off                ;
+---------------------------------------------------------------------------------+--------------------+--------------------+


+------------------------------------------+
; Parallel Compilation                     ;
+----------------------------+-------------+
; Processors                 ; Number      ;
+----------------------------+-------------+
; Number detected on machine ; 12          ;
; Maximum allowed            ; 6           ;
;                            ;             ;
; Average used               ; 1.00        ;
; Maximum used               ; 6           ;
;                            ;             ;
; Usage by Processor         ; % Time Used ;
;     Processor 1            ; 100.0%      ;
;     Processors 2-6         ;   0.0%      ;
+----------------------------+-------------+


+-------------------------------------------------------------------------------------------------------------------------------------------------------------------+
; Analysis & Synthesis Source Files Read                                                                                                                            ;
+----------------------------------+-----------------+-----------------+----------------------------------------------------------------------------------+---------+
; File Name with User-Entered Path ; Used in Netlist ; File Type       ; File Name with Absolute Path                                                     ; Library ;
+----------------------------------+-----------------+-----------------+----------------------------------------------------------------------------------+---------+
; ULASomaSub.vhd                   ; yes             ; User VHDL File  ; D:/INSPER-FILES/Facul/6S/Descomp/Quartus Projects/Aula 5/ULASomaSub.vhd          ;         ;
; somaConstante.vhd                ; yes             ; User VHDL File  ; D:/INSPER-FILES/Facul/6S/Descomp/Quartus Projects/Aula 5/somaConstante.vhd       ;         ;
; registradorGenerico.vhd          ; yes             ; User VHDL File  ; D:/INSPER-FILES/Facul/6S/Descomp/Quartus Projects/Aula 5/registradorGenerico.vhd ;         ;
; muxGenerico2x1.vhd               ; yes             ; User VHDL File  ; D:/INSPER-FILES/Facul/6S/Descomp/Quartus Projects/Aula 5/muxGenerico2x1.vhd      ;         ;
; memoriaROM.vhd                   ; yes             ; User VHDL File  ; D:/INSPER-FILES/Facul/6S/Descomp/Quartus Projects/Aula 5/memoriaROM.vhd          ;         ;
; Decoder.vhd                      ; yes             ; User VHDL File  ; D:/INSPER-FILES/Facul/6S/Descomp/Quartus Projects/Aula 5/Decoder.vhd             ;         ;
; Aula5.vhd                        ; yes             ; User VHDL File  ; D:/INSPER-FILES/Facul/6S/Descomp/Quartus Projects/Aula 5/Aula5.vhd               ;         ;
; LogicBlock.vhd                   ; yes             ; User VHDL File  ; D:/INSPER-FILES/Facul/6S/Descomp/Quartus Projects/Aula 5/LogicBlock.vhd          ;         ;
; registrador1bit.vhd              ; yes             ; User VHDL File  ; D:/INSPER-FILES/Facul/6S/Descomp/Quartus Projects/Aula 5/registrador1bit.vhd     ;         ;
; muxGenerico4x1.vhd               ; yes             ; User VHDL File  ; D:/INSPER-FILES/Facul/6S/Descomp/Quartus Projects/Aula 5/muxGenerico4x1.vhd      ;         ;
; memoriaRAM.vhd                   ; yes             ; User VHDL File  ; D:/INSPER-FILES/Facul/6S/Descomp/Quartus Projects/Aula 5/memoriaRAM.vhd          ;         ;
+----------------------------------+-----------------+-----------------+----------------------------------------------------------------------------------+---------+


+------------------------------------------------------------+
; Analysis & Synthesis Resource Usage Summary                ;
+---------------------------------------------+--------------+
; Resource                                    ; Usage        ;
+---------------------------------------------+--------------+
; Estimate of Logic utilization (ALMs needed) ; 75           ;
;                                             ;              ;
; Combinational ALUT usage for logic          ; 108          ;
;     -- 7 input functions                    ; 0            ;
;     -- 6 input functions                    ; 19           ;
;     -- 5 input functions                    ; 28           ;
;     -- 4 input functions                    ; 46           ;
;     -- <=3 input functions                  ; 15           ;
;                                             ;              ;
; Dedicated logic registers                   ; 91           ;
;                                             ;              ;
; I/O pins                                    ; 25           ;
;                                             ;              ;
; Total DSP Blocks                            ; 0            ;
;                                             ;              ;
; Maximum fan-out node                        ; KEY[0]~input ;
; Maximum fan-out                             ; 91           ;
; Total fan-out                               ; 776          ;
; Average fan-out                             ; 3.12         ;
+---------------------------------------------+--------------+


+---------------------------------------------------------------------------------------------------------------------------------------------------------------------------------------------------------------+
; Analysis & Synthesis Resource Utilization by Entity                                                                                                                                                           ;
+-------------------------------+---------------------+---------------------------+-------------------+------------+------+--------------+---------------------------------+---------------------+--------------+
; Compilation Hierarchy Node    ; Combinational ALUTs ; Dedicated Logic Registers ; Block Memory Bits ; DSP Blocks ; Pins ; Virtual Pins ; Full Hierarchy Name             ; Entity Name         ; Library Name ;
+-------------------------------+---------------------+---------------------------+-------------------+------------+------+--------------+---------------------------------+---------------------+--------------+
; |Aula5                        ; 108 (0)             ; 91 (0)                    ; 0                 ; 0          ; 25   ; 0            ; |Aula5                          ; Aula5               ; work         ;
;    |Decoder:DEC|              ; 9 (9)               ; 0 (0)                     ; 0                 ; 0          ; 0    ; 0            ; |Aula5|Decoder:DEC              ; Decoder             ; work         ;
;    |ULASomaSub:ULA|           ; 18 (18)             ; 0 (0)                     ; 0                 ; 0          ; 0    ; 0            ; |Aula5|ULASomaSub:ULA           ; ULASomaSub          ; work         ;
;    |memoriaRAM:MEM|           ; 41 (41)             ; 64 (64)                   ; 0                 ; 0          ; 0    ; 0            ; |Aula5|memoriaRAM:MEM           ; memoriaRAM          ; work         ;
;    |memoriaROM:ROM|           ; 18 (18)             ; 0 (0)                     ; 0                 ; 0          ; 0    ; 0            ; |Aula5|memoriaROM:ROM           ; memoriaROM          ; work         ;
;    |muxGenerico4x1:MUX4|      ; 10 (10)             ; 0 (0)                     ; 0                 ; 0          ; 0    ; 0            ; |Aula5|muxGenerico4x1:MUX4      ; muxGenerico4x1      ; work         ;
;    |registrador1bit:FREG|     ; 3 (3)               ; 1 (1)                     ; 0                 ; 0          ; 0    ; 0            ; |Aula5|registrador1bit:FREG     ; registrador1bit     ; work         ;
;    |registradorGenerico:ACU|  ; 0 (0)               ; 8 (8)                     ; 0                 ; 0          ; 0    ; 0            ; |Aula5|registradorGenerico:ACU  ; registradorGenerico ; work         ;
;    |registradorGenerico:PC|   ; 0 (0)               ; 9 (9)                     ; 0                 ; 0          ; 0    ; 0            ; |Aula5|registradorGenerico:PC   ; registradorGenerico ; work         ;
;    |registradorGenerico:RREG| ; 0 (0)               ; 9 (9)                     ; 0                 ; 0          ; 0    ; 0            ; |Aula5|registradorGenerico:RREG ; registradorGenerico ; work         ;
;    |somaConstante:SOM|        ; 9 (9)               ; 0 (0)                     ; 0                 ; 0          ; 0    ; 0            ; |Aula5|somaConstante:SOM        ; somaConstante       ; work         ;
+-------------------------------+---------------------+---------------------------+-------------------+------------+------+--------------+---------------------------------+---------------------+--------------+
Note: For table entries with two numbers listed, the numbers in parentheses indicate the number of resources of the given type used by the specific entity alone. The numbers listed outside of parentheses indicate the total resources of the given type used by the specific entity and all of its sub-entities in the hierarchy.


+--------------------------------------------------------------------------------------+
; Registers Removed During Synthesis                                                   ;
+----------------------------------------+---------------------------------------------+
; Register name                          ; Reason for Removal                          ;
+----------------------------------------+---------------------------------------------+
; memoriaRAM:MEM|ram~141                 ; Stuck at GND due to stuck port clock_enable ;
; memoriaRAM:MEM|ram~109                 ; Stuck at GND due to stuck port clock_enable ;
; memoriaRAM:MEM|ram~77                  ; Stuck at GND due to stuck port clock_enable ;
; memoriaRAM:MEM|ram~45                  ; Stuck at GND due to stuck port clock_enable ;
; memoriaRAM:MEM|ram~125                 ; Stuck at GND due to stuck port clock_enable ;
; memoriaRAM:MEM|ram~93                  ; Stuck at GND due to stuck port clock_enable ;
; memoriaRAM:MEM|ram~61                  ; Stuck at GND due to stuck port clock_enable ;
; memoriaRAM:MEM|ram~29                  ; Stuck at GND due to stuck port clock_enable ;
; memoriaRAM:MEM|ram~142                 ; Stuck at GND due to stuck port clock_enable ;
; memoriaRAM:MEM|ram~126                 ; Stuck at GND due to stuck port clock_enable ;
; memoriaRAM:MEM|ram~110                 ; Stuck at GND due to stuck port clock_enable ;
; memoriaRAM:MEM|ram~94                  ; Stuck at GND due to stuck port clock_enable ;
; memoriaRAM:MEM|ram~78                  ; Stuck at GND due to stuck port clock_enable ;
; memoriaRAM:MEM|ram~62                  ; Stuck at GND due to stuck port clock_enable ;
; memoriaRAM:MEM|ram~46                  ; Stuck at GND due to stuck port clock_enable ;
; memoriaRAM:MEM|ram~30                  ; Stuck at GND due to stuck port clock_enable ;
; memoriaRAM:MEM|ram~143                 ; Stuck at GND due to stuck port clock_enable ;
; memoriaRAM:MEM|ram~111                 ; Stuck at GND due to stuck port clock_enable ;
; memoriaRAM:MEM|ram~79                  ; Stuck at GND due to stuck port clock_enable ;
; memoriaRAM:MEM|ram~47                  ; Stuck at GND due to stuck port clock_enable ;
; memoriaRAM:MEM|ram~127                 ; Stuck at GND due to stuck port clock_enable ;
; memoriaRAM:MEM|ram~95                  ; Stuck at GND due to stuck port clock_enable ;
; memoriaRAM:MEM|ram~63                  ; Stuck at GND due to stuck port clock_enable ;
; memoriaRAM:MEM|ram~31                  ; Stuck at GND due to stuck port clock_enable ;
; memoriaRAM:MEM|ram~144                 ; Stuck at GND due to stuck port clock_enable ;
; memoriaRAM:MEM|ram~128                 ; Stuck at GND due to stuck port clock_enable ;
; memoriaRAM:MEM|ram~112                 ; Stuck at GND due to stuck port clock_enable ;
; memoriaRAM:MEM|ram~96                  ; Stuck at GND due to stuck port clock_enable ;
; memoriaRAM:MEM|ram~80                  ; Stuck at GND due to stuck port clock_enable ;
; memoriaRAM:MEM|ram~64                  ; Stuck at GND due to stuck port clock_enable ;
; memoriaRAM:MEM|ram~48                  ; Stuck at GND due to stuck port clock_enable ;
; memoriaRAM:MEM|ram~32                  ; Stuck at GND due to stuck port clock_enable ;
; memoriaRAM:MEM|ram~137                 ; Stuck at GND due to stuck port clock_enable ;
; memoriaRAM:MEM|ram~105                 ; Stuck at GND due to stuck port clock_enable ;
; memoriaRAM:MEM|ram~73                  ; Stuck at GND due to stuck port clock_enable ;
; memoriaRAM:MEM|ram~41                  ; Stuck at GND due to stuck port clock_enable ;
; memoriaRAM:MEM|ram~121                 ; Stuck at GND due to stuck port clock_enable ;
; memoriaRAM:MEM|ram~89                  ; Stuck at GND due to stuck port clock_enable ;
; memoriaRAM:MEM|ram~57                  ; Stuck at GND due to stuck port clock_enable ;
; memoriaRAM:MEM|ram~25                  ; Stuck at GND due to stuck port clock_enable ;
; memoriaRAM:MEM|ram~138                 ; Stuck at GND due to stuck port clock_enable ;
; memoriaRAM:MEM|ram~122                 ; Stuck at GND due to stuck port clock_enable ;
; memoriaRAM:MEM|ram~106                 ; Stuck at GND due to stuck port clock_enable ;
; memoriaRAM:MEM|ram~90                  ; Stuck at GND due to stuck port clock_enable ;
; memoriaRAM:MEM|ram~74                  ; Stuck at GND due to stuck port clock_enable ;
; memoriaRAM:MEM|ram~58                  ; Stuck at GND due to stuck port clock_enable ;
; memoriaRAM:MEM|ram~42                  ; Stuck at GND due to stuck port clock_enable ;
; memoriaRAM:MEM|ram~26                  ; Stuck at GND due to stuck port clock_enable ;
; memoriaRAM:MEM|ram~139                 ; Stuck at GND due to stuck port clock_enable ;
; memoriaRAM:MEM|ram~107                 ; Stuck at GND due to stuck port clock_enable ;
; memoriaRAM:MEM|ram~75                  ; Stuck at GND due to stuck port clock_enable ;
; memoriaRAM:MEM|ram~43                  ; Stuck at GND due to stuck port clock_enable ;
; memoriaRAM:MEM|ram~123                 ; Stuck at GND due to stuck port clock_enable ;
; memoriaRAM:MEM|ram~91                  ; Stuck at GND due to stuck port clock_enable ;
; memoriaRAM:MEM|ram~59                  ; Stuck at GND due to stuck port clock_enable ;
; memoriaRAM:MEM|ram~27                  ; Stuck at GND due to stuck port clock_enable ;
; memoriaRAM:MEM|ram~140                 ; Stuck at GND due to stuck port clock_enable ;
; memoriaRAM:MEM|ram~124                 ; Stuck at GND due to stuck port clock_enable ;
; memoriaRAM:MEM|ram~108                 ; Stuck at GND due to stuck port clock_enable ;
; memoriaRAM:MEM|ram~92                  ; Stuck at GND due to stuck port clock_enable ;
; memoriaRAM:MEM|ram~76                  ; Stuck at GND due to stuck port clock_enable ;
; memoriaRAM:MEM|ram~60                  ; Stuck at GND due to stuck port clock_enable ;
; memoriaRAM:MEM|ram~44                  ; Stuck at GND due to stuck port clock_enable ;
; memoriaRAM:MEM|ram~28                  ; Stuck at GND due to stuck port clock_enable ;
; Total Number of Removed Registers = 64 ;                                             ;
+----------------------------------------+---------------------------------------------+


+------------------------------------------------------+
; General Register Statistics                          ;
+----------------------------------------------+-------+
; Statistic                                    ; Value ;
+----------------------------------------------+-------+
; Total registers                              ; 91    ;
; Number of registers using Synchronous Clear  ; 0     ;
; Number of registers using Synchronous Load   ; 0     ;
; Number of registers using Asynchronous Clear ; 0     ;
; Number of registers using Asynchronous Load  ; 0     ;
; Number of registers using Clock Enable       ; 81    ;
; Number of registers using Preset             ; 0     ;
+----------------------------------------------+-------+


+-------------------------------------------------------------------------------------------------------------------------------------------------------+
; Multiplexer Restructuring Statistics (Restructuring Performed)                                                                                        ;
+--------------------+-----------+---------------+----------------------+------------------------+------------+-----------------------------------------+
; Multiplexer Inputs ; Bus Width ; Baseline Area ; Area if Restructured ; Saving if Restructured ; Registered ; Example Multiplexer Output              ;
+--------------------+-----------+---------------+----------------------+------------------------+------------+-----------------------------------------+
; 3:1                ; 8 bits    ; 16 LEs        ; 16 LEs               ; 0 LEs                  ; Yes        ; |Aula5|registradorGenerico:ACU|DOUT[2]  ;
; 4:1                ; 2 bits    ; 4 LEs         ; 4 LEs                ; 0 LEs                  ; No         ; |Aula5|Decoder:DEC|saidaDecoder[1]      ;
; 4:1                ; 4 bits    ; 8 LEs         ; 8 LEs                ; 0 LEs                  ; No         ; |Aula5|muxGenerico4x1:MUX4|saida_MUX[4] ;
; 4:1                ; 5 bits    ; 10 LEs        ; 10 LEs               ; 0 LEs                  ; No         ; |Aula5|muxGenerico4x1:MUX4|saida_MUX[0] ;
; 7:1                ; 2 bits    ; 8 LEs         ; 8 LEs                ; 0 LEs                  ; No         ; |Aula5|Decoder:DEC|saidaDecoder[4]      ;
+--------------------+-----------+---------------+----------------------+------------------------+------------+-----------------------------------------+


+-----------------------------------------------------------------------+
; Parameter Settings for User Entity Instance: Top-level Entity: |Aula5 ;
+----------------+-------+----------------------------------------------+
; Parameter Name ; Value ; Type                                         ;
+----------------+-------+----------------------------------------------+
; larguraDados   ; 8     ; Signed Integer                               ;
; simulacao      ; true  ; Enumerated                                   ;
+----------------+-------+----------------------------------------------+
Note: In order to hide this table in the UI and the text report file, please set the "Show Parameter Settings in Synthesis Report" option in "Analysis and Synthesis Settings -> More Settings" to "Off".


+-----------------------------------------------------------------+
; Parameter Settings for User Entity Instance: muxGenerico2x1:MUX ;
+----------------+-------+----------------------------------------+
; Parameter Name ; Value ; Type                                   ;
+----------------+-------+----------------------------------------+
; larguradados   ; 8     ; Signed Integer                         ;
+----------------+-------+----------------------------------------+
Note: In order to hide this table in the UI and the text report file, please set the "Show Parameter Settings in Synthesis Report" option in "Analysis and Synthesis Settings -> More Settings" to "Off".


+----------------------------------------------------------------------+
; Parameter Settings for User Entity Instance: registradorGenerico:ACU ;
+----------------+-------+---------------------------------------------+
; Parameter Name ; Value ; Type                                        ;
+----------------+-------+---------------------------------------------+
; larguradados   ; 8     ; Signed Integer                              ;
+----------------+-------+---------------------------------------------+
Note: In order to hide this table in the UI and the text report file, please set the "Show Parameter Settings in Synthesis Report" option in "Analysis and Synthesis Settings -> More Settings" to "Off".


+---------------------------------------------------------------------+
; Parameter Settings for User Entity Instance: registradorGenerico:PC ;
+----------------+-------+--------------------------------------------+
; Parameter Name ; Value ; Type                                       ;
+----------------+-------+--------------------------------------------+
; larguradados   ; 9     ; Signed Integer                             ;
+----------------+-------+--------------------------------------------+
Note: In order to hide this table in the UI and the text report file, please set the "Show Parameter Settings in Synthesis Report" option in "Analysis and Synthesis Settings -> More Settings" to "Off".


+-------------------------------------------------------------+
; Parameter Settings for User Entity Instance: ULASomaSub:ULA ;
+----------------+-------+------------------------------------+
; Parameter Name ; Value ; Type                               ;
+----------------+-------+------------------------------------+
; larguradados   ; 8     ; Signed Integer                     ;
+----------------+-------+------------------------------------+
Note: In order to hide this table in the UI and the text report file, please set the "Show Parameter Settings in Synthesis Report" option in "Analysis and Synthesis Settings -> More Settings" to "Off".


+-------------------------------------------------------------+
; Parameter Settings for User Entity Instance: memoriaROM:ROM ;
+----------------+-------+------------------------------------+
; Parameter Name ; Value ; Type                               ;
+----------------+-------+------------------------------------+
; datawidth      ; 13    ; Signed Integer                     ;
; addrwidth      ; 9     ; Signed Integer                     ;
+----------------+-------+------------------------------------+
Note: In order to hide this table in the UI and the text report file, please set the "Show Parameter Settings in Synthesis Report" option in "Analysis and Synthesis Settings -> More Settings" to "Off".


+----------------------------------------------------------+
; Parameter Settings for User Entity Instance: Decoder:DEC ;
+----------------+-------+---------------------------------+
; Parameter Name ; Value ; Type                            ;
+----------------+-------+---------------------------------+
; dadosentrada   ; 4     ; Signed Integer                  ;
; dadossaida     ; 11    ; Signed Integer                  ;
+----------------+-------+---------------------------------+
Note: In order to hide this table in the UI and the text report file, please set the "Show Parameter Settings in Synthesis Report" option in "Analysis and Synthesis Settings -> More Settings" to "Off".


+----------------------------------------------------------------+
; Parameter Settings for User Entity Instance: somaConstante:SOM ;
+----------------+-------+---------------------------------------+
; Parameter Name ; Value ; Type                                  ;
+----------------+-------+---------------------------------------+
; larguradados   ; 9     ; Signed Integer                        ;
; constante      ; 1     ; Signed Integer                        ;
+----------------+-------+---------------------------------------+
Note: In order to hide this table in the UI and the text report file, please set the "Show Parameter Settings in Synthesis Report" option in "Analysis and Synthesis Settings -> More Settings" to "Off".


+-------------------------------------------------------------+
; Parameter Settings for User Entity Instance: memoriaRAM:MEM ;
+----------------+-------+------------------------------------+
; Parameter Name ; Value ; Type                               ;
+----------------+-------+------------------------------------+
; datawidth      ; 8     ; Signed Integer                     ;
; addrwidth      ; 8     ; Signed Integer                     ;
+----------------+-------+------------------------------------+
Note: In order to hide this table in the UI and the text report file, please set the "Show Parameter Settings in Synthesis Report" option in "Analysis and Synthesis Settings -> More Settings" to "Off".


+------------------------------------------------------------------+
; Parameter Settings for User Entity Instance: muxGenerico4x1:MUX4 ;
+----------------+-------+-----------------------------------------+
; Parameter Name ; Value ; Type                                    ;
+----------------+-------+-----------------------------------------+
; larguradados   ; 9     ; Signed Integer                          ;
+----------------+-------+-----------------------------------------+
Note: In order to hide this table in the UI and the text report file, please set the "Show Parameter Settings in Synthesis Report" option in "Analysis and Synthesis Settings -> More Settings" to "Off".


+-------------------------------------------------------------+
; Parameter Settings for User Entity Instance: LogicBlock:LOG ;
+----------------+-------+------------------------------------+
; Parameter Name ; Value ; Type                               ;
+----------------+-------+------------------------------------+
; larguradados   ; 1     ; Signed Integer                     ;
; var2           ; 6     ; Signed Integer                     ;
+----------------+-------+------------------------------------+
Note: In order to hide this table in the UI and the text report file, please set the "Show Parameter Settings in Synthesis Report" option in "Analysis and Synthesis Settings -> More Settings" to "Off".


+-------------------------------------------------------------------+
; Parameter Settings for User Entity Instance: registrador1bit:FREG ;
+----------------+-------+------------------------------------------+
; Parameter Name ; Value ; Type                                     ;
+----------------+-------+------------------------------------------+
; larguradados   ; 1     ; Signed Integer                           ;
+----------------+-------+------------------------------------------+
Note: In order to hide this table in the UI and the text report file, please set the "Show Parameter Settings in Synthesis Report" option in "Analysis and Synthesis Settings -> More Settings" to "Off".


+-----------------------------------------------------------------------+
; Parameter Settings for User Entity Instance: registradorGenerico:RREG ;
+----------------+-------+----------------------------------------------+
; Parameter Name ; Value ; Type                                         ;
+----------------+-------+----------------------------------------------+
; larguradados   ; 9     ; Signed Integer                               ;
+----------------+-------+----------------------------------------------+
Note: In order to hide this table in the UI and the text report file, please set the "Show Parameter Settings in Synthesis Report" option in "Analysis and Synthesis Settings -> More Settings" to "Off".


+------------------------------------------------------+
; Port Connectivity Checks: "registradorGenerico:RREG" ;
+------+-------+----------+----------------------------+
; Port ; Type  ; Severity ; Details                    ;
+------+-------+----------+----------------------------+
; rst  ; Input ; Info     ; Stuck at GND               ;
+------+-------+----------+----------------------------+


+--------------------------------------------------+
; Port Connectivity Checks: "registrador1bit:FREG" ;
+------+-------+----------+------------------------+
; Port ; Type  ; Severity ; Details                ;
+------+-------+----------+------------------------+
; rst  ; Input ; Info     ; Stuck at GND           ;
+------+-------+----------+------------------------+


+-------------------------------------------------+
; Port Connectivity Checks: "muxGenerico4x1:MUX4" ;
+--------------+-------+----------+---------------+
; Port         ; Type  ; Severity ; Details       ;
+--------------+-------+----------+---------------+
; entradad_mux ; Input ; Info     ; Stuck at GND  ;
+--------------+-------+----------+---------------+


+----------------------------------------------------------------------------------------------------------------------------+
; Port Connectivity Checks: "Decoder:DEC"                                                                                    ;
+------------------+--------+----------+-------------------------------------------------------------------------------------+
; Port             ; Type   ; Severity ; Details                                                                             ;
+------------------+--------+----------+-------------------------------------------------------------------------------------+
; saidadecoder[10] ; Output ; Info     ; Connected to dangling logic. Logic that only feeds a dangling port will be removed. ;
+------------------+--------+----------+-------------------------------------------------------------------------------------+


+----------------------------------------------------+
; Port Connectivity Checks: "registradorGenerico:PC" ;
+--------+-------+----------+------------------------+
; Port   ; Type  ; Severity ; Details                ;
+--------+-------+----------+------------------------+
; enable ; Input ; Info     ; Stuck at VCC           ;
; rst    ; Input ; Info     ; Stuck at GND           ;
+--------+-------+----------+------------------------+


+-----------------------------------------------------+
; Port Connectivity Checks: "registradorGenerico:ACU" ;
+------+-------+----------+---------------------------+
; Port ; Type  ; Severity ; Details                   ;
+------+-------+----------+---------------------------+
; rst  ; Input ; Info     ; Stuck at GND              ;
+------+-------+----------+---------------------------+


+-----------------------------------------------------+
; Post-Synthesis Netlist Statistics for Top Partition ;
+-----------------------+-----------------------------+
; Type                  ; Count                       ;
+-----------------------+-----------------------------+
; arriav_ff             ; 91                          ;
;     ENA               ; 73                          ;
;     ENA SLD           ; 8                           ;
;     plain             ; 10                          ;
; arriav_lcell_comb     ; 108                         ;
;     arith             ; 18                          ;
;         0 data inputs ; 1                           ;
;         1 data inputs ; 9                           ;
;         4 data inputs ; 1                           ;
;         5 data inputs ; 7                           ;
;     normal            ; 90                          ;
;         3 data inputs ; 5                           ;
;         4 data inputs ; 45                          ;
;         5 data inputs ; 21                          ;
;         6 data inputs ; 19                          ;
; boundary_port         ; 25                          ;
;                       ;                             ;
; Max LUT depth         ; 7.30                        ;
; Average LUT depth     ; 4.95                        ;
+-----------------------+-----------------------------+


+-------------------------------+
; Elapsed Time Per Partition    ;
+----------------+--------------+
; Partition Name ; Elapsed Time ;
+----------------+--------------+
; Top            ; 00:00:00     ;
+----------------+--------------+


+-------------------------------+
; Analysis & Synthesis Messages ;
+-------------------------------+
Info: *******************************************************************
Info: Running Quartus Prime Analysis & Synthesis
    Info: Version 20.1.0 Build 711 06/05/2020 SJ Lite Edition
    Info: Processing started: Wed Sep 15 11:14:37 2021
Info: Command: quartus_map --read_settings_files=on --write_settings_files=off Aula5 -c Aula5
Info (20030): Parallel compilation is enabled and will use 6 of the 6 processors detected
Info (12021): Found 2 design units, including 1 entities, in source file ulasomasub.vhd
    Info (12022): Found design unit 1: ULASomaSub-comportamento File: D:/INSPER-FILES/Facul/6S/Descomp/Quartus Projects/Aula 5/ULASomaSub.vhd Line: 15
    Info (12023): Found entity 1: ULASomaSub File: D:/INSPER-FILES/Facul/6S/Descomp/Quartus Projects/Aula 5/ULASomaSub.vhd Line: 5
Info (12021): Found 2 design units, including 1 entities, in source file somaconstante.vhd
    Info (12022): Found design unit 1: somaConstante-comportamento File: D:/INSPER-FILES/Facul/6S/Descomp/Quartus Projects/Aula 5/somaConstante.vhd Line: 18
    Info (12023): Found entity 1: somaConstante File: D:/INSPER-FILES/Facul/6S/Descomp/Quartus Projects/Aula 5/somaConstante.vhd Line: 5
Info (12021): Found 2 design units, including 1 entities, in source file registradorgenerico.vhd
    Info (12022): Found design unit 1: registradorGenerico-comportamento File: D:/INSPER-FILES/Facul/6S/Descomp/Quartus Projects/Aula 5/registradorGenerico.vhd Line: 15
    Info (12023): Found entity 1: registradorGenerico File: D:/INSPER-FILES/Facul/6S/Descomp/Quartus Projects/Aula 5/registradorGenerico.vhd Line: 4
Info (12021): Found 2 design units, including 1 entities, in source file muxgenerico2x1.vhd
    Info (12022): Found design unit 1: muxGenerico2x1-comportamento File: D:/INSPER-FILES/Facul/6S/Descomp/Quartus Projects/Aula 5/muxGenerico2x1.vhd Line: 14
    Info (12023): Found entity 1: muxGenerico2x1 File: D:/INSPER-FILES/Facul/6S/Descomp/Quartus Projects/Aula 5/muxGenerico2x1.vhd Line: 4
Info (12021): Found 2 design units, including 1 entities, in source file memoriarom.vhd
    Info (12022): Found design unit 1: memoriaROM-assincrona File: D:/INSPER-FILES/Facul/6S/Descomp/Quartus Projects/Aula 5/memoriaROM.vhd Line: 16
    Info (12023): Found entity 1: memoriaROM File: D:/INSPER-FILES/Facul/6S/Descomp/Quartus Projects/Aula 5/memoriaROM.vhd Line: 5
Info (12021): Found 3 design units, including 1 entities, in source file edgedetector.vhd
    Info (12022): Found design unit 1: edgeDetector-bordaSubida File: D:/INSPER-FILES/Facul/6S/Descomp/Quartus Projects/Aula 5/edgeDetector.vhd Line: 10
    Info (12022): Found design unit 2: edgeDetector-bordaDescida File: D:/INSPER-FILES/Facul/6S/Descomp/Quartus Projects/Aula 5/edgeDetector.vhd Line: 23
    Info (12023): Found entity 1: edgeDetector File: D:/INSPER-FILES/Facul/6S/Descomp/Quartus Projects/Aula 5/edgeDetector.vhd Line: 4
Info (12021): Found 2 design units, including 1 entities, in source file decoder.vhd
    Info (12022): Found design unit 1: Decoder-comportamento File: D:/INSPER-FILES/Facul/6S/Descomp/Quartus Projects/Aula 5/Decoder.vhd Line: 22
    Info (12023): Found entity 1: Decoder File: D:/INSPER-FILES/Facul/6S/Descomp/Quartus Projects/Aula 5/Decoder.vhd Line: 5
Info (12021): Found 2 design units, including 1 entities, in source file bancoregistradoresarqregmem.vhd
    Info (12022): Found design unit 1: bancoRegistradoresArqRegMem-comportamento File: D:/INSPER-FILES/Facul/6S/Descomp/Quartus Projects/Aula 5/bancoRegistradoresArqRegMem.vhd Line: 23
    Info (12023): Found entity 1: bancoRegistradoresArqRegMem File: D:/INSPER-FILES/Facul/6S/Descomp/Quartus Projects/Aula 5/bancoRegistradoresArqRegMem.vhd Line: 5
Info (12021): Found 2 design units, including 1 entities, in source file aula5.vhd
    Info (12022): Found design unit 1: Aula5-arquitetura File: D:/INSPER-FILES/Facul/6S/Descomp/Quartus Projects/Aula 5/Aula5.vhd Line: 18
    Info (12023): Found entity 1: Aula5 File: D:/INSPER-FILES/Facul/6S/Descomp/Quartus Projects/Aula 5/Aula5.vhd Line: 4
Info (12021): Found 2 design units, including 1 entities, in source file logicblock.vhd
    Info (12022): Found design unit 1: LogicBlock-comportamento File: D:/INSPER-FILES/Facul/6S/Descomp/Quartus Projects/Aula 5/LogicBlock.vhd Line: 26
    Info (12023): Found entity 1: LogicBlock File: D:/INSPER-FILES/Facul/6S/Descomp/Quartus Projects/Aula 5/LogicBlock.vhd Line: 5
Info (12021): Found 2 design units, including 1 entities, in source file registrador1bit.vhd
    Info (12022): Found design unit 1: registrador1bit-comportamento File: D:/INSPER-FILES/Facul/6S/Descomp/Quartus Projects/Aula 5/registrador1bit.vhd Line: 15
    Info (12023): Found entity 1: registrador1bit File: D:/INSPER-FILES/Facul/6S/Descomp/Quartus Projects/Aula 5/registrador1bit.vhd Line: 4
Info (12021): Found 2 design units, including 1 entities, in source file muxgenerico4x1.vhd
    Info (12022): Found design unit 1: muxGenerico4x1-comportamento File: D:/INSPER-FILES/Facul/6S/Descomp/Quartus Projects/Aula 5/muxGenerico4x1.vhd Line: 14
    Info (12023): Found entity 1: muxGenerico4x1 File: D:/INSPER-FILES/Facul/6S/Descomp/Quartus Projects/Aula 5/muxGenerico4x1.vhd Line: 4
Info (12021): Found 2 design units, including 1 entities, in source file memoriaram.vhd
    Info (12022): Found design unit 1: memoriaRAM-rtl File: D:/INSPER-FILES/Facul/6S/Descomp/Quartus Projects/Aula 5/memoriaRAM.vhd Line: 21
    Info (12023): Found entity 1: memoriaRAM File: D:/INSPER-FILES/Facul/6S/Descomp/Quartus Projects/Aula 5/memoriaRAM.vhd Line: 5
Info (12127): Elaborating entity "Aula5" for the top level hierarchy
Info (12128): Elaborating entity "muxGenerico2x1" for hierarchy "muxGenerico2x1:MUX" File: D:/INSPER-FILES/Facul/6S/Descomp/Quartus Projects/Aula 5/Aula5.vhd Line: 52
Info (12128): Elaborating entity "registradorGenerico" for hierarchy "registradorGenerico:ACU" File: D:/INSPER-FILES/Facul/6S/Descomp/Quartus Projects/Aula 5/Aula5.vhd Line: 60
Info (12128): Elaborating entity "registradorGenerico" for hierarchy "registradorGenerico:PC" File: D:/INSPER-FILES/Facul/6S/Descomp/Quartus Projects/Aula 5/Aula5.vhd Line: 69
Info (12128): Elaborating entity "ULASomaSub" for hierarchy "ULASomaSub:ULA" File: D:/INSPER-FILES/Facul/6S/Descomp/Quartus Projects/Aula 5/Aula5.vhd Line: 78
Info (12128): Elaborating entity "memoriaROM" for hierarchy "memoriaROM:ROM" File: D:/INSPER-FILES/Facul/6S/Descomp/Quartus Projects/Aula 5/Aula5.vhd Line: 87
Info (12128): Elaborating entity "Decoder" for hierarchy "Decoder:DEC" File: D:/INSPER-FILES/Facul/6S/Descomp/Quartus Projects/Aula 5/Aula5.vhd Line: 93
Info (12128): Elaborating entity "somaConstante" for hierarchy "somaConstante:SOM" File: D:/INSPER-FILES/Facul/6S/Descomp/Quartus Projects/Aula 5/Aula5.vhd Line: 99
Info (12128): Elaborating entity "memoriaRAM" for hierarchy "memoriaRAM:MEM" File: D:/INSPER-FILES/Facul/6S/Descomp/Quartus Projects/Aula 5/Aula5.vhd Line: 113
Info (12128): Elaborating entity "muxGenerico4x1" for hierarchy "muxGenerico4x1:MUX4" File: D:/INSPER-FILES/Facul/6S/Descomp/Quartus Projects/Aula 5/Aula5.vhd Line: 124
Info (12128): Elaborating entity "LogicBlock" for hierarchy "LogicBlock:LOG" File: D:/INSPER-FILES/Facul/6S/Descomp/Quartus Projects/Aula 5/Aula5.vhd Line: 134
Info (12128): Elaborating entity "registrador1bit" for hierarchy "registrador1bit:FREG" File: D:/INSPER-FILES/Facul/6S/Descomp/Quartus Projects/Aula 5/Aula5.vhd Line: 144
Info (276014): Found 1 instances of uninferred RAM logic
    Info (276007): RAM logic "memoriaRAM:MEM|ram" is uninferred due to asynchronous read logic File: D:/INSPER-FILES/Facul/6S/Descomp/Quartus Projects/Aula 5/memoriaRAM.vhd Line: 27
Warning (13046): Tri-state node(s) do not directly drive top-level pin(s)
    Warning (13049): Converted tri-state buffer "memoriaRAM:MEM|dado_out[0]" feeding internal logic into a wire File: D:/INSPER-FILES/Facul/6S/Descomp/Quartus Projects/Aula 5/memoriaRAM.vhd Line: 17
    Warning (13049): Converted tri-state buffer "memoriaRAM:MEM|dado_out[1]" feeding internal logic into a wire File: D:/INSPER-FILES/Facul/6S/Descomp/Quartus Projects/Aula 5/memoriaRAM.vhd Line: 17
    Warning (13049): Converted tri-state buffer "memoriaRAM:MEM|dado_out[2]" feeding internal logic into a wire File: D:/INSPER-FILES/Facul/6S/Descomp/Quartus Projects/Aula 5/memoriaRAM.vhd Line: 17
    Warning (13049): Converted tri-state buffer "memoriaRAM:MEM|dado_out[3]" feeding internal logic into a wire File: D:/INSPER-FILES/Facul/6S/Descomp/Quartus Projects/Aula 5/memoriaRAM.vhd Line: 17
    Warning (13049): Converted tri-state buffer "memoriaRAM:MEM|dado_out[4]" feeding internal logic into a wire File: D:/INSPER-FILES/Facul/6S/Descomp/Quartus Projects/Aula 5/memoriaRAM.vhd Line: 17
    Warning (13049): Converted tri-state buffer "memoriaRAM:MEM|dado_out[5]" feeding internal logic into a wire File: D:/INSPER-FILES/Facul/6S/Descomp/Quartus Projects/Aula 5/memoriaRAM.vhd Line: 17
    Warning (13049): Converted tri-state buffer "memoriaRAM:MEM|dado_out[6]" feeding internal logic into a wire File: D:/INSPER-FILES/Facul/6S/Descomp/Quartus Projects/Aula 5/memoriaRAM.vhd Line: 17
    Warning (13049): Converted tri-state buffer "memoriaRAM:MEM|dado_out[7]" feeding internal logic into a wire File: D:/INSPER-FILES/Facul/6S/Descomp/Quartus Projects/Aula 5/memoriaRAM.vhd Line: 17
Info (286030): Timing-Driven Synthesis is running
Info (16010): Generating hard_block partition "hard_block:auto_generated_inst"
    Info (16011): Adding 0 node(s), including 0 DDIO, 0 PLL, 0 transceiver and 0 LCELL
Warning (21074): Design contains 14 input pin(s) that do not drive logic
    Warning (15610): No output dependent on input pin "CLOCK_50" File: D:/INSPER-FILES/Facul/6S/Descomp/Quartus Projects/Aula 5/Aula5.vhd Line: 10
    Warning (15610): No output dependent on input pin "KEY[1]" File: D:/INSPER-FILES/Facul/6S/Descomp/Quartus Projects/Aula 5/Aula5.vhd Line: 11
    Warning (15610): No output dependent on input pin "KEY[2]" File: D:/INSPER-FILES/Facul/6S/Descomp/Quartus Projects/Aula 5/Aula5.vhd Line: 11
    Warning (15610): No output dependent on input pin "KEY[3]" File: D:/INSPER-FILES/Facul/6S/Descomp/Quartus Projects/Aula 5/Aula5.vhd Line: 11
    Warning (15610): No output dependent on input pin "SW[0]" File: D:/INSPER-FILES/Facul/6S/Descomp/Quartus Projects/Aula 5/Aula5.vhd Line: 12
    Warning (15610): No output dependent on input pin "SW[1]" File: D:/INSPER-FILES/Facul/6S/Descomp/Quartus Projects/Aula 5/Aula5.vhd Line: 12
    Warning (15610): No output dependent on input pin "SW[2]" File: D:/INSPER-FILES/Facul/6S/Descomp/Quartus Projects/Aula 5/Aula5.vhd Line: 12
    Warning (15610): No output dependent on input pin "SW[3]" File: D:/INSPER-FILES/Facul/6S/Descomp/Quartus Projects/Aula 5/Aula5.vhd Line: 12
    Warning (15610): No output dependent on input pin "SW[4]" File: D:/INSPER-FILES/Facul/6S/Descomp/Quartus Projects/Aula 5/Aula5.vhd Line: 12
    Warning (15610): No output dependent on input pin "SW[5]" File: D:/INSPER-FILES/Facul/6S/Descomp/Quartus Projects/Aula 5/Aula5.vhd Line: 12
    Warning (15610): No output dependent on input pin "SW[6]" File: D:/INSPER-FILES/Facul/6S/Descomp/Quartus Projects/Aula 5/Aula5.vhd Line: 12
    Warning (15610): No output dependent on input pin "SW[7]" File: D:/INSPER-FILES/Facul/6S/Descomp/Quartus Projects/Aula 5/Aula5.vhd Line: 12
    Warning (15610): No output dependent on input pin "SW[8]" File: D:/INSPER-FILES/Facul/6S/Descomp/Quartus Projects/Aula 5/Aula5.vhd Line: 12
    Warning (15610): No output dependent on input pin "SW[9]" File: D:/INSPER-FILES/Facul/6S/Descomp/Quartus Projects/Aula 5/Aula5.vhd Line: 12
Info (21057): Implemented 223 device resources after synthesis - the final resource count might be different
    Info (21058): Implemented 15 input pins
    Info (21059): Implemented 10 output pins
    Info (21061): Implemented 198 logic cells
Info: Quartus Prime Analysis & Synthesis was successful. 0 errors, 24 warnings
    Info: Peak virtual memory: 4858 megabytes
    Info: Processing ended: Wed Sep 15 11:14:45 2021
    Info: Elapsed time: 00:00:08
    Info: Total CPU time (on all processors): 00:00:16


