Analysis & Synthesis report for Aula4
Mon Sep 13 17:59:25 2021
Quartus Prime Version 20.1.0 Build 711 06/05/2020 SJ Lite Edition


---------------------
; Table of Contents ;
---------------------
  1. Legal Notice
  2. Analysis & Synthesis Summary
  3. Analysis & Synthesis Settings
  4. Parallel Compilation
  5. Analysis & Synthesis Source Files Read
  6. Analysis & Synthesis Resource Usage Summary
  7. Analysis & Synthesis Resource Utilization by Entity
  8. Analysis & Synthesis RAM Summary
  9. General Register Statistics
 10. Registers Added for RAM Pass-Through Logic
 11. Registers Packed Into Inferred Megafunctions
 12. Multiplexer Restructuring Statistics (Restructuring Performed)
 13. Source assignments for bancoRegistradoresArqRegMem:MEM|altsyncram:registrador_rtl_0|altsyncram_2ki1:auto_generated
 14. Parameter Settings for User Entity Instance: Top-level Entity: |Aula4
 15. Parameter Settings for User Entity Instance: muxGenerico2x1:MUX1
 16. Parameter Settings for User Entity Instance: registradorGenerico:REG1
 17. Parameter Settings for User Entity Instance: registradorGenerico:PC
 18. Parameter Settings for User Entity Instance: ULASomaSub:ULA1
 19. Parameter Settings for User Entity Instance: memoriaROM:ROM1
 20. Parameter Settings for User Entity Instance: Decoder:DEC
 21. Parameter Settings for User Entity Instance: somaConstante:SOM
 22. Parameter Settings for User Entity Instance: bancoRegistradoresArqRegMem:MEM
 23. Parameter Settings for Inferred Entity Instance: bancoRegistradoresArqRegMem:MEM|altsyncram:registrador_rtl_0
 24. altsyncram Parameter Settings by Entity Instance
 25. Port Connectivity Checks: "registradorGenerico:PC"
 26. Post-Synthesis Netlist Statistics for Top Partition
 27. Elapsed Time Per Partition
 28. Analysis & Synthesis Messages



----------------
; Legal Notice ;
----------------
Copyright (C) 2020  Intel Corporation. All rights reserved.
Your use of Intel Corporation's design tools, logic functions 
and other software and tools, and any partner logic 
functions, and any output files from any of the foregoing 
(including device programming or simulation files), and any 
associated documentation or information are expressly subject 
to the terms and conditions of the Intel Program License 
Subscription Agreement, the Intel Quartus Prime License Agreement,
the Intel FPGA IP License Agreement, or other applicable license
agreement, including, without limitation, that your use is for
the sole purpose of programming logic devices manufactured by
Intel and sold by Intel or its authorized distributors.  Please
refer to the applicable agreement for further details, at
https://fpgasoftware.intel.com/eula.



+-------------------------------------------------------------------------------+
; Analysis & Synthesis Summary                                                  ;
+---------------------------------+---------------------------------------------+
; Analysis & Synthesis Status     ; Successful - Mon Sep 13 17:59:25 2021       ;
; Quartus Prime Version           ; 20.1.0 Build 711 06/05/2020 SJ Lite Edition ;
; Revision Name                   ; Aula4                                       ;
; Top-level Entity Name           ; Aula4                                       ;
; Family                          ; Cyclone V                                   ;
; Logic utilization (in ALMs)     ; N/A                                         ;
; Total registers                 ; 26                                          ;
; Total pins                      ; 25                                          ;
; Total virtual pins              ; 0                                           ;
; Total block memory bits         ; 64                                          ;
; Total DSP Blocks                ; 0                                           ;
; Total HSSI RX PCSs              ; 0                                           ;
; Total HSSI PMA RX Deserializers ; 0                                           ;
; Total HSSI TX PCSs              ; 0                                           ;
; Total HSSI PMA TX Serializers   ; 0                                           ;
; Total PLLs                      ; 0                                           ;
; Total DLLs                      ; 0                                           ;
+---------------------------------+---------------------------------------------+


+---------------------------------------------------------------------------------------------------------------------------+
; Analysis & Synthesis Settings                                                                                             ;
+---------------------------------------------------------------------------------+--------------------+--------------------+
; Option                                                                          ; Setting            ; Default Value      ;
+---------------------------------------------------------------------------------+--------------------+--------------------+
; Device                                                                          ; 5CGXFC7C7F23C8     ;                    ;
; Top-level entity name                                                           ; Aula4              ; Aula4              ;
; Family name                                                                     ; Cyclone V          ; Cyclone V          ;
; Maximum processors allowed for parallel compilation                             ; All                ;                    ;
; VHDL Show LMF Mapping Messages                                                  ; Off                ;                    ;
; VHDL Version                                                                    ; VHDL_2008          ; VHDL_1993          ;
; Use smart compilation                                                           ; Off                ; Off                ;
; Enable parallel Assembler and Timing Analyzer during compilation                ; On                 ; On                 ;
; Enable compact report table                                                     ; Off                ; Off                ;
; Restructure Multiplexers                                                        ; Auto               ; Auto               ;
; MLAB Add Timing Constraints For Mixed-Port Feed-Through Mode Setting Don't Care ; Off                ; Off                ;
; Create Debugging Nodes for IP Cores                                             ; Off                ; Off                ;
; Preserve fewer node names                                                       ; On                 ; On                 ;
; Intel FPGA IP Evaluation Mode                                                   ; Enable             ; Enable             ;
; Verilog Version                                                                 ; Verilog_2001       ; Verilog_2001       ;
; State Machine Processing                                                        ; Auto               ; Auto               ;
; Safe State Machine                                                              ; Off                ; Off                ;
; Extract Verilog State Machines                                                  ; On                 ; On                 ;
; Extract VHDL State Machines                                                     ; On                 ; On                 ;
; Ignore Verilog initial constructs                                               ; Off                ; Off                ;
; Iteration limit for constant Verilog loops                                      ; 5000               ; 5000               ;
; Iteration limit for non-constant Verilog loops                                  ; 250                ; 250                ;
; Add Pass-Through Logic to Inferred RAMs                                         ; On                 ; On                 ;
; Infer RAMs from Raw Logic                                                       ; On                 ; On                 ;
; Parallel Synthesis                                                              ; On                 ; On                 ;
; DSP Block Balancing                                                             ; Auto               ; Auto               ;
; NOT Gate Push-Back                                                              ; On                 ; On                 ;
; Power-Up Don't Care                                                             ; On                 ; On                 ;
; Remove Redundant Logic Cells                                                    ; Off                ; Off                ;
; Remove Duplicate Registers                                                      ; On                 ; On                 ;
; Ignore CARRY Buffers                                                            ; Off                ; Off                ;
; Ignore CASCADE Buffers                                                          ; Off                ; Off                ;
; Ignore GLOBAL Buffers                                                           ; Off                ; Off                ;
; Ignore ROW GLOBAL Buffers                                                       ; Off                ; Off                ;
; Ignore LCELL Buffers                                                            ; Off                ; Off                ;
; Ignore SOFT Buffers                                                             ; On                 ; On                 ;
; Limit AHDL Integers to 32 Bits                                                  ; Off                ; Off                ;
; Optimization Technique                                                          ; Balanced           ; Balanced           ;
; Carry Chain Length                                                              ; 70                 ; 70                 ;
; Auto Carry Chains                                                               ; On                 ; On                 ;
; Auto Open-Drain Pins                                                            ; On                 ; On                 ;
; Perform WYSIWYG Primitive Resynthesis                                           ; Off                ; Off                ;
; Auto ROM Replacement                                                            ; On                 ; On                 ;
; Auto RAM Replacement                                                            ; On                 ; On                 ;
; Auto DSP Block Replacement                                                      ; On                 ; On                 ;
; Auto Shift Register Replacement                                                 ; Auto               ; Auto               ;
; Allow Shift Register Merging across Hierarchies                                 ; Auto               ; Auto               ;
; Auto Clock Enable Replacement                                                   ; On                 ; On                 ;
; Strict RAM Replacement                                                          ; Off                ; Off                ;
; Allow Synchronous Control Signals                                               ; On                 ; On                 ;
; Force Use of Synchronous Clear Signals                                          ; Off                ; Off                ;
; Auto Resource Sharing                                                           ; Off                ; Off                ;
; Allow Any RAM Size For Recognition                                              ; Off                ; Off                ;
; Allow Any ROM Size For Recognition                                              ; Off                ; Off                ;
; Allow Any Shift Register Size For Recognition                                   ; Off                ; Off                ;
; Use LogicLock Constraints during Resource Balancing                             ; On                 ; On                 ;
; Ignore translate_off and synthesis_off directives                               ; Off                ; Off                ;
; Timing-Driven Synthesis                                                         ; On                 ; On                 ;
; Report Parameter Settings                                                       ; On                 ; On                 ;
; Report Source Assignments                                                       ; On                 ; On                 ;
; Report Connectivity Checks                                                      ; On                 ; On                 ;
; Ignore Maximum Fan-Out Assignments                                              ; Off                ; Off                ;
; Synchronization Register Chain Length                                           ; 3                  ; 3                  ;
; Power Optimization During Synthesis                                             ; Normal compilation ; Normal compilation ;
; HDL message level                                                               ; Level2             ; Level2             ;
; Suppress Register Optimization Related Messages                                 ; Off                ; Off                ;
; Number of Removed Registers Reported in Synthesis Report                        ; 5000               ; 5000               ;
; Number of Swept Nodes Reported in Synthesis Report                              ; 5000               ; 5000               ;
; Number of Inverted Registers Reported in Synthesis Report                       ; 100                ; 100                ;
; Clock MUX Protection                                                            ; On                 ; On                 ;
; Auto Gated Clock Conversion                                                     ; Off                ; Off                ;
; Block Design Naming                                                             ; Auto               ; Auto               ;
; SDC constraint protection                                                       ; Off                ; Off                ;
; Synthesis Effort                                                                ; Auto               ; Auto               ;
; Shift Register Replacement - Allow Asynchronous Clear Signal                    ; On                 ; On                 ;
; Pre-Mapping Resynthesis Optimization                                            ; Off                ; Off                ;
; Analysis & Synthesis Message Level                                              ; Medium             ; Medium             ;
; Disable Register Merging Across Hierarchies                                     ; Auto               ; Auto               ;
; Resource Aware Inference For Block RAM                                          ; On                 ; On                 ;
; Automatic Parallel Synthesis                                                    ; On                 ; On                 ;
; Partial Reconfiguration Bitstream ID                                            ; Off                ; Off                ;
+---------------------------------------------------------------------------------+--------------------+--------------------+


+------------------------------------------+
; Parallel Compilation                     ;
+----------------------------+-------------+
; Processors                 ; Number      ;
+----------------------------+-------------+
; Number detected on machine ; 12          ;
; Maximum allowed            ; 6           ;
;                            ;             ;
; Average used               ; 1.00        ;
; Maximum used               ; 6           ;
;                            ;             ;
; Usage by Processor         ; % Time Used ;
;     Processor 1            ; 100.0%      ;
;     Processors 2-6         ;   0.0%      ;
+----------------------------+-------------+


+----------------------------------------------------------------------------------------------------------------------------------------------------------------------------------------+
; Analysis & Synthesis Source Files Read                                                                                                                                                 ;
+----------------------------------+-----------------+------------------------------+------------------------------------------------------------------------------------------+---------+
; File Name with User-Entered Path ; Used in Netlist ; File Type                    ; File Name with Absolute Path                                                             ; Library ;
+----------------------------------+-----------------+------------------------------+------------------------------------------------------------------------------------------+---------+
; memoriaROM.vhd                   ; yes             ; User VHDL File               ; D:/INSPER-FILES/Facul/6S/Descomp/Quartus Projects/Aula 4/memoriaROM.vhd                  ;         ;
; ULASomaSub.vhd                   ; yes             ; User VHDL File               ; D:/INSPER-FILES/Facul/6S/Descomp/Quartus Projects/Aula 4/ULASomaSub.vhd                  ;         ;
; somaConstante.vhd                ; yes             ; User VHDL File               ; D:/INSPER-FILES/Facul/6S/Descomp/Quartus Projects/Aula 4/somaConstante.vhd               ;         ;
; registradorGenerico.vhd          ; yes             ; User VHDL File               ; D:/INSPER-FILES/Facul/6S/Descomp/Quartus Projects/Aula 4/registradorGenerico.vhd         ;         ;
; muxGenerico2x1.vhd               ; yes             ; User VHDL File               ; D:/INSPER-FILES/Facul/6S/Descomp/Quartus Projects/Aula 4/muxGenerico2x1.vhd              ;         ;
; Decoder.vhd                      ; yes             ; User VHDL File               ; D:/INSPER-FILES/Facul/6S/Descomp/Quartus Projects/Aula 4/Decoder.vhd                     ;         ;
; Aula4.vhd                        ; yes             ; User VHDL File               ; D:/INSPER-FILES/Facul/6S/Descomp/Quartus Projects/Aula 4/Aula4.vhd                       ;         ;
; bancoRegistradoresArqRegMem.vhd  ; yes             ; User VHDL File               ; D:/INSPER-FILES/Facul/6S/Descomp/Quartus Projects/Aula 4/bancoRegistradoresArqRegMem.vhd ;         ;
; altsyncram.tdf                   ; yes             ; Megafunction                 ; c:/intelfpga_lite/20.1/quartus/libraries/megafunctions/altsyncram.tdf                    ;         ;
; stratix_ram_block.inc            ; yes             ; Megafunction                 ; c:/intelfpga_lite/20.1/quartus/libraries/megafunctions/stratix_ram_block.inc             ;         ;
; lpm_mux.inc                      ; yes             ; Megafunction                 ; c:/intelfpga_lite/20.1/quartus/libraries/megafunctions/lpm_mux.inc                       ;         ;
; lpm_decode.inc                   ; yes             ; Megafunction                 ; c:/intelfpga_lite/20.1/quartus/libraries/megafunctions/lpm_decode.inc                    ;         ;
; aglobal201.inc                   ; yes             ; Megafunction                 ; c:/intelfpga_lite/20.1/quartus/libraries/megafunctions/aglobal201.inc                    ;         ;
; a_rdenreg.inc                    ; yes             ; Megafunction                 ; c:/intelfpga_lite/20.1/quartus/libraries/megafunctions/a_rdenreg.inc                     ;         ;
; altrom.inc                       ; yes             ; Megafunction                 ; c:/intelfpga_lite/20.1/quartus/libraries/megafunctions/altrom.inc                        ;         ;
; altram.inc                       ; yes             ; Megafunction                 ; c:/intelfpga_lite/20.1/quartus/libraries/megafunctions/altram.inc                        ;         ;
; altdpram.inc                     ; yes             ; Megafunction                 ; c:/intelfpga_lite/20.1/quartus/libraries/megafunctions/altdpram.inc                      ;         ;
; db/altsyncram_2ki1.tdf           ; yes             ; Auto-Generated Megafunction  ; D:/INSPER-FILES/Facul/6S/Descomp/Quartus Projects/Aula 4/db/altsyncram_2ki1.tdf          ;         ;
+----------------------------------+-----------------+------------------------------+------------------------------------------------------------------------------------------+---------+


+------------------------------------------------------------+
; Analysis & Synthesis Resource Usage Summary                ;
+---------------------------------------------+--------------+
; Resource                                    ; Usage        ;
+---------------------------------------------+--------------+
; Estimate of Logic utilization (ALMs needed) ; 26           ;
;                                             ;              ;
; Combinational ALUT usage for logic          ; 48           ;
;     -- 7 input functions                    ; 0            ;
;     -- 6 input functions                    ; 2            ;
;     -- 5 input functions                    ; 17           ;
;     -- 4 input functions                    ; 9            ;
;     -- <=3 input functions                  ; 20           ;
;                                             ;              ;
; Dedicated logic registers                   ; 26           ;
;                                             ;              ;
; I/O pins                                    ; 25           ;
; Total MLAB memory bits                      ; 0            ;
; Total block memory bits                     ; 64           ;
;                                             ;              ;
; Total DSP Blocks                            ; 0            ;
;                                             ;              ;
; Maximum fan-out node                        ; KEY[0]~input ;
; Maximum fan-out                             ; 34           ;
; Total fan-out                               ; 338          ;
; Average fan-out                             ; 2.56         ;
+---------------------------------------------+--------------+


+------------------------------------------------------------------------------------------------------------------------------------------------------------------------------------------------------------------------------------------------------------------------------------------------------+
; Analysis & Synthesis Resource Utilization by Entity                                                                                                                                                                                                                                                  ;
+-------------------------------------------+---------------------+---------------------------+-------------------+------------+------+--------------+----------------------------------------------------------------------------------------------------+-----------------------------+--------------+
; Compilation Hierarchy Node                ; Combinational ALUTs ; Dedicated Logic Registers ; Block Memory Bits ; DSP Blocks ; Pins ; Virtual Pins ; Full Hierarchy Name                                                                                ; Entity Name                 ; Library Name ;
+-------------------------------------------+---------------------+---------------------------+-------------------+------------+------+--------------+----------------------------------------------------------------------------------------------------+-----------------------------+--------------+
; |Aula4                                    ; 48 (0)              ; 26 (0)                    ; 64                ; 0          ; 25   ; 0            ; |Aula4                                                                                             ; Aula4                       ; work         ;
;    |Decoder:DEC|                          ; 6 (6)               ; 0 (0)                     ; 0                 ; 0          ; 0    ; 0            ; |Aula4|Decoder:DEC                                                                                 ; Decoder                     ; work         ;
;    |ULASomaSub:ULA1|                      ; 9 (9)               ; 0 (0)                     ; 0                 ; 0          ; 0    ; 0            ; |Aula4|ULASomaSub:ULA1                                                                             ; ULASomaSub                  ; work         ;
;    |bancoRegistradoresArqRegMem:MEM|      ; 0 (0)               ; 9 (9)                     ; 64                ; 0          ; 0    ; 0            ; |Aula4|bancoRegistradoresArqRegMem:MEM                                                             ; bancoRegistradoresArqRegMem ; work         ;
;       |altsyncram:registrador_rtl_0|      ; 0 (0)               ; 0 (0)                     ; 64                ; 0          ; 0    ; 0            ; |Aula4|bancoRegistradoresArqRegMem:MEM|altsyncram:registrador_rtl_0                                ; altsyncram                  ; work         ;
;          |altsyncram_2ki1:auto_generated| ; 0 (0)               ; 0 (0)                     ; 64                ; 0          ; 0    ; 0            ; |Aula4|bancoRegistradoresArqRegMem:MEM|altsyncram:registrador_rtl_0|altsyncram_2ki1:auto_generated ; altsyncram_2ki1             ; work         ;
;    |memoriaROM:ROM1|                      ; 8 (8)               ; 0 (0)                     ; 0                 ; 0          ; 0    ; 0            ; |Aula4|memoriaROM:ROM1                                                                             ; memoriaROM                  ; work         ;
;    |muxGenerico2x1:MUX1|                  ; 16 (16)             ; 0 (0)                     ; 0                 ; 0          ; 0    ; 0            ; |Aula4|muxGenerico2x1:MUX1                                                                         ; muxGenerico2x1              ; work         ;
;    |registradorGenerico:PC|               ; 1 (1)               ; 9 (9)                     ; 0                 ; 0          ; 0    ; 0            ; |Aula4|registradorGenerico:PC                                                                      ; registradorGenerico         ; work         ;
;    |registradorGenerico:REG1|             ; 0 (0)               ; 8 (8)                     ; 0                 ; 0          ; 0    ; 0            ; |Aula4|registradorGenerico:REG1                                                                    ; registradorGenerico         ; work         ;
;    |somaConstante:SOM|                    ; 8 (8)               ; 0 (0)                     ; 0                 ; 0          ; 0    ; 0            ; |Aula4|somaConstante:SOM                                                                           ; somaConstante               ; work         ;
+-------------------------------------------+---------------------+---------------------------+-------------------+------------+------+--------------+----------------------------------------------------------------------------------------------------+-----------------------------+--------------+
Note: For table entries with two numbers listed, the numbers in parentheses indicate the number of resources of the given type used by the specific entity alone. The numbers listed outside of parentheses indicate the total resources of the given type used by the specific entity and all of its sub-entities in the hierarchy.


+------------------------------------------------------------------------------------------------------------------------------------------------------------------------------------------------------------+
; Analysis & Synthesis RAM Summary                                                                                                                                                                           ;
+--------------------------------------------------------------------------------------------------------+------+------------------+--------------+--------------+--------------+--------------+------+------+
; Name                                                                                                   ; Type ; Mode             ; Port A Depth ; Port A Width ; Port B Depth ; Port B Width ; Size ; MIF  ;
+--------------------------------------------------------------------------------------------------------+------+------------------+--------------+--------------+--------------+--------------+------+------+
; bancoRegistradoresArqRegMem:MEM|altsyncram:registrador_rtl_0|altsyncram_2ki1:auto_generated|ALTSYNCRAM ; AUTO ; Simple Dual Port ; 256          ; 8            ; 256          ; 8            ; 2048 ; None ;
+--------------------------------------------------------------------------------------------------------+------+------------------+--------------+--------------+--------------+--------------+------+------+


+------------------------------------------------------+
; General Register Statistics                          ;
+----------------------------------------------+-------+
; Statistic                                    ; Value ;
+----------------------------------------------+-------+
; Total registers                              ; 26    ;
; Number of registers using Synchronous Clear  ; 0     ;
; Number of registers using Synchronous Load   ; 8     ;
; Number of registers using Asynchronous Clear ; 0     ;
; Number of registers using Asynchronous Load  ; 0     ;
; Number of registers using Clock Enable       ; 8     ;
; Number of registers using Preset             ; 0     ;
+----------------------------------------------+-------+


+-----------------------------------------------------------------------------------------------------------------+
; Registers Added for RAM Pass-Through Logic                                                                      ;
+-------------------------------------------------------------+---------------------------------------------------+
; Register Name                                               ; RAM Name                                          ;
+-------------------------------------------------------------+---------------------------------------------------+
; bancoRegistradoresArqRegMem:MEM|registrador_rtl_0_bypass[0] ; bancoRegistradoresArqRegMem:MEM|registrador_rtl_0 ;
; bancoRegistradoresArqRegMem:MEM|registrador_rtl_0_bypass[1] ; bancoRegistradoresArqRegMem:MEM|registrador_rtl_0 ;
; bancoRegistradoresArqRegMem:MEM|registrador_rtl_0_bypass[2] ; bancoRegistradoresArqRegMem:MEM|registrador_rtl_0 ;
; bancoRegistradoresArqRegMem:MEM|registrador_rtl_0_bypass[3] ; bancoRegistradoresArqRegMem:MEM|registrador_rtl_0 ;
; bancoRegistradoresArqRegMem:MEM|registrador_rtl_0_bypass[4] ; bancoRegistradoresArqRegMem:MEM|registrador_rtl_0 ;
; bancoRegistradoresArqRegMem:MEM|registrador_rtl_0_bypass[5] ; bancoRegistradoresArqRegMem:MEM|registrador_rtl_0 ;
; bancoRegistradoresArqRegMem:MEM|registrador_rtl_0_bypass[6] ; bancoRegistradoresArqRegMem:MEM|registrador_rtl_0 ;
; bancoRegistradoresArqRegMem:MEM|registrador_rtl_0_bypass[7] ; bancoRegistradoresArqRegMem:MEM|registrador_rtl_0 ;
; bancoRegistradoresArqRegMem:MEM|registrador_rtl_0_bypass[8] ; bancoRegistradoresArqRegMem:MEM|registrador_rtl_0 ;
+-------------------------------------------------------------+---------------------------------------------------+


+--------------------------------------------------------------------------------------------------------+
; Registers Packed Into Inferred Megafunctions                                                           ;
+---------------------------------------------+---------------------------------------------------+------+
; Register Name                               ; Megafunction                                      ; Type ;
+---------------------------------------------+---------------------------------------------------+------+
; bancoRegistradoresArqRegMem:MEM|saida[0..7] ; bancoRegistradoresArqRegMem:MEM|registrador_rtl_0 ; RAM  ;
+---------------------------------------------+---------------------------------------------------+------+


+-------------------------------------------------------------------------------------------------------------------------------------------------------+
; Multiplexer Restructuring Statistics (Restructuring Performed)                                                                                        ;
+--------------------+-----------+---------------+----------------------+------------------------+------------+-----------------------------------------+
; Multiplexer Inputs ; Bus Width ; Baseline Area ; Area if Restructured ; Saving if Restructured ; Registered ; Example Multiplexer Output              ;
+--------------------+-----------+---------------+----------------------+------------------------+------------+-----------------------------------------+
; 3:1                ; 2 bits    ; 4 LEs         ; 4 LEs                ; 0 LEs                  ; No         ; |Aula4|Decoder:DEC|saidaDecoder[2]      ;
; 3:1                ; 5 bits    ; 10 LEs        ; 10 LEs               ; 0 LEs                  ; No         ; |Aula4|muxGenerico2x1:MUX1|saida_MUX[3] ;
; 3:1                ; 3 bits    ; 6 LEs         ; 6 LEs                ; 0 LEs                  ; No         ; |Aula4|muxGenerico2x1:MUX1|saida_MUX[0] ;
; 4:1                ; 2 bits    ; 4 LEs         ; 4 LEs                ; 0 LEs                  ; No         ; |Aula4|Decoder:DEC|saidaDecoder[0]      ;
+--------------------+-----------+---------------+----------------------+------------------------+------------+-----------------------------------------+


+--------------------------------------------------------------------------------------------------------------------+
; Source assignments for bancoRegistradoresArqRegMem:MEM|altsyncram:registrador_rtl_0|altsyncram_2ki1:auto_generated ;
+---------------------------------+--------------------+------+------------------------------------------------------+
; Assignment                      ; Value              ; From ; To                                                   ;
+---------------------------------+--------------------+------+------------------------------------------------------+
; OPTIMIZE_POWER_DURING_SYNTHESIS ; NORMAL_COMPILATION ; -    ; -                                                    ;
+---------------------------------+--------------------+------+------------------------------------------------------+


+-----------------------------------------------------------------------+
; Parameter Settings for User Entity Instance: Top-level Entity: |Aula4 ;
+----------------+-------+----------------------------------------------+
; Parameter Name ; Value ; Type                                         ;
+----------------+-------+----------------------------------------------+
; larguraDados   ; 8     ; Signed Integer                               ;
; simulacao      ; true  ; Enumerated                                   ;
+----------------+-------+----------------------------------------------+
Note: In order to hide this table in the UI and the text report file, please set the "Show Parameter Settings in Synthesis Report" option in "Analysis and Synthesis Settings -> More Settings" to "Off".


+------------------------------------------------------------------+
; Parameter Settings for User Entity Instance: muxGenerico2x1:MUX1 ;
+----------------+-------+-----------------------------------------+
; Parameter Name ; Value ; Type                                    ;
+----------------+-------+-----------------------------------------+
; larguradados   ; 8     ; Signed Integer                          ;
+----------------+-------+-----------------------------------------+
Note: In order to hide this table in the UI and the text report file, please set the "Show Parameter Settings in Synthesis Report" option in "Analysis and Synthesis Settings -> More Settings" to "Off".


+-----------------------------------------------------------------------+
; Parameter Settings for User Entity Instance: registradorGenerico:REG1 ;
+----------------+-------+----------------------------------------------+
; Parameter Name ; Value ; Type                                         ;
+----------------+-------+----------------------------------------------+
; larguradados   ; 8     ; Signed Integer                               ;
+----------------+-------+----------------------------------------------+
Note: In order to hide this table in the UI and the text report file, please set the "Show Parameter Settings in Synthesis Report" option in "Analysis and Synthesis Settings -> More Settings" to "Off".


+---------------------------------------------------------------------+
; Parameter Settings for User Entity Instance: registradorGenerico:PC ;
+----------------+-------+--------------------------------------------+
; Parameter Name ; Value ; Type                                       ;
+----------------+-------+--------------------------------------------+
; larguradados   ; 9     ; Signed Integer                             ;
+----------------+-------+--------------------------------------------+
Note: In order to hide this table in the UI and the text report file, please set the "Show Parameter Settings in Synthesis Report" option in "Analysis and Synthesis Settings -> More Settings" to "Off".


+--------------------------------------------------------------+
; Parameter Settings for User Entity Instance: ULASomaSub:ULA1 ;
+----------------+-------+-------------------------------------+
; Parameter Name ; Value ; Type                                ;
+----------------+-------+-------------------------------------+
; larguradados   ; 8     ; Signed Integer                      ;
+----------------+-------+-------------------------------------+
Note: In order to hide this table in the UI and the text report file, please set the "Show Parameter Settings in Synthesis Report" option in "Analysis and Synthesis Settings -> More Settings" to "Off".


+--------------------------------------------------------------+
; Parameter Settings for User Entity Instance: memoriaROM:ROM1 ;
+----------------+-------+-------------------------------------+
; Parameter Name ; Value ; Type                                ;
+----------------+-------+-------------------------------------+
; datawidth      ; 13    ; Signed Integer                      ;
; addrwidth      ; 9     ; Signed Integer                      ;
+----------------+-------+-------------------------------------+
Note: In order to hide this table in the UI and the text report file, please set the "Show Parameter Settings in Synthesis Report" option in "Analysis and Synthesis Settings -> More Settings" to "Off".


+----------------------------------------------------------+
; Parameter Settings for User Entity Instance: Decoder:DEC ;
+----------------+-------+---------------------------------+
; Parameter Name ; Value ; Type                            ;
+----------------+-------+---------------------------------+
; dadosentrada   ; 4     ; Signed Integer                  ;
; dadossaida     ; 4     ; Signed Integer                  ;
+----------------+-------+---------------------------------+
Note: In order to hide this table in the UI and the text report file, please set the "Show Parameter Settings in Synthesis Report" option in "Analysis and Synthesis Settings -> More Settings" to "Off".


+----------------------------------------------------------------+
; Parameter Settings for User Entity Instance: somaConstante:SOM ;
+----------------+-------+---------------------------------------+
; Parameter Name ; Value ; Type                                  ;
+----------------+-------+---------------------------------------+
; larguradados   ; 9     ; Signed Integer                        ;
; constante      ; 1     ; Signed Integer                        ;
+----------------+-------+---------------------------------------+
Note: In order to hide this table in the UI and the text report file, please set the "Show Parameter Settings in Synthesis Report" option in "Analysis and Synthesis Settings -> More Settings" to "Off".


+------------------------------------------------------------------------------+
; Parameter Settings for User Entity Instance: bancoRegistradoresArqRegMem:MEM ;
+---------------------+-------+------------------------------------------------+
; Parameter Name      ; Value ; Type                                           ;
+---------------------+-------+------------------------------------------------+
; larguradados        ; 8     ; Signed Integer                                 ;
; larguraendbancoregs ; 8     ; Signed Integer                                 ;
+---------------------+-------+------------------------------------------------+
Note: In order to hide this table in the UI and the text report file, please set the "Show Parameter Settings in Synthesis Report" option in "Analysis and Synthesis Settings -> More Settings" to "Off".


+---------------------------------------------------------------------------------------------------------------+
; Parameter Settings for Inferred Entity Instance: bancoRegistradoresArqRegMem:MEM|altsyncram:registrador_rtl_0 ;
+------------------------------------+----------------------+---------------------------------------------------+
; Parameter Name                     ; Value                ; Type                                              ;
+------------------------------------+----------------------+---------------------------------------------------+
; BYTE_SIZE_BLOCK                    ; 8                    ; Untyped                                           ;
; AUTO_CARRY_CHAINS                  ; ON                   ; AUTO_CARRY                                        ;
; IGNORE_CARRY_BUFFERS               ; OFF                  ; IGNORE_CARRY                                      ;
; AUTO_CASCADE_CHAINS                ; ON                   ; AUTO_CASCADE                                      ;
; IGNORE_CASCADE_BUFFERS             ; OFF                  ; IGNORE_CASCADE                                    ;
; WIDTH_BYTEENA                      ; 1                    ; Untyped                                           ;
; OPERATION_MODE                     ; DUAL_PORT            ; Untyped                                           ;
; WIDTH_A                            ; 8                    ; Untyped                                           ;
; WIDTHAD_A                          ; 8                    ; Untyped                                           ;
; NUMWORDS_A                         ; 256                  ; Untyped                                           ;
; OUTDATA_REG_A                      ; UNREGISTERED         ; Untyped                                           ;
; ADDRESS_ACLR_A                     ; NONE                 ; Untyped                                           ;
; OUTDATA_ACLR_A                     ; NONE                 ; Untyped                                           ;
; WRCONTROL_ACLR_A                   ; NONE                 ; Untyped                                           ;
; INDATA_ACLR_A                      ; NONE                 ; Untyped                                           ;
; BYTEENA_ACLR_A                     ; NONE                 ; Untyped                                           ;
; WIDTH_B                            ; 8                    ; Untyped                                           ;
; WIDTHAD_B                          ; 8                    ; Untyped                                           ;
; NUMWORDS_B                         ; 256                  ; Untyped                                           ;
; INDATA_REG_B                       ; CLOCK1               ; Untyped                                           ;
; WRCONTROL_WRADDRESS_REG_B          ; CLOCK1               ; Untyped                                           ;
; RDCONTROL_REG_B                    ; CLOCK1               ; Untyped                                           ;
; ADDRESS_REG_B                      ; CLOCK0               ; Untyped                                           ;
; OUTDATA_REG_B                      ; UNREGISTERED         ; Untyped                                           ;
; BYTEENA_REG_B                      ; CLOCK1               ; Untyped                                           ;
; INDATA_ACLR_B                      ; NONE                 ; Untyped                                           ;
; WRCONTROL_ACLR_B                   ; NONE                 ; Untyped                                           ;
; ADDRESS_ACLR_B                     ; NONE                 ; Untyped                                           ;
; OUTDATA_ACLR_B                     ; NONE                 ; Untyped                                           ;
; RDCONTROL_ACLR_B                   ; NONE                 ; Untyped                                           ;
; BYTEENA_ACLR_B                     ; NONE                 ; Untyped                                           ;
; WIDTH_BYTEENA_A                    ; 1                    ; Untyped                                           ;
; WIDTH_BYTEENA_B                    ; 1                    ; Untyped                                           ;
; RAM_BLOCK_TYPE                     ; AUTO                 ; Untyped                                           ;
; BYTE_SIZE                          ; 8                    ; Untyped                                           ;
; READ_DURING_WRITE_MODE_MIXED_PORTS ; DONT_CARE            ; Untyped                                           ;
; READ_DURING_WRITE_MODE_PORT_A      ; NEW_DATA_NO_NBE_READ ; Untyped                                           ;
; READ_DURING_WRITE_MODE_PORT_B      ; NEW_DATA_NO_NBE_READ ; Untyped                                           ;
; INIT_FILE                          ; UNUSED               ; Untyped                                           ;
; INIT_FILE_LAYOUT                   ; PORT_A               ; Untyped                                           ;
; MAXIMUM_DEPTH                      ; 0                    ; Untyped                                           ;
; CLOCK_ENABLE_INPUT_A               ; NORMAL               ; Untyped                                           ;
; CLOCK_ENABLE_INPUT_B               ; NORMAL               ; Untyped                                           ;
; CLOCK_ENABLE_OUTPUT_A              ; NORMAL               ; Untyped                                           ;
; CLOCK_ENABLE_OUTPUT_B              ; NORMAL               ; Untyped                                           ;
; CLOCK_ENABLE_CORE_A                ; USE_INPUT_CLKEN      ; Untyped                                           ;
; CLOCK_ENABLE_CORE_B                ; USE_INPUT_CLKEN      ; Untyped                                           ;
; ENABLE_ECC                         ; FALSE                ; Untyped                                           ;
; ECC_PIPELINE_STAGE_ENABLED         ; FALSE                ; Untyped                                           ;
; WIDTH_ECCSTATUS                    ; 3                    ; Untyped                                           ;
; DEVICE_FAMILY                      ; Cyclone V            ; Untyped                                           ;
; CBXI_PARAMETER                     ; altsyncram_2ki1      ; Untyped                                           ;
+------------------------------------+----------------------+---------------------------------------------------+
Note: In order to hide this table in the UI and the text report file, please set the "Show Parameter Settings in Synthesis Report" option in "Analysis and Synthesis Settings -> More Settings" to "Off".


+----------------------------------------------------------------------------------------------------------+
; altsyncram Parameter Settings by Entity Instance                                                         ;
+-------------------------------------------+--------------------------------------------------------------+
; Name                                      ; Value                                                        ;
+-------------------------------------------+--------------------------------------------------------------+
; Number of entity instances                ; 1                                                            ;
; Entity Instance                           ; bancoRegistradoresArqRegMem:MEM|altsyncram:registrador_rtl_0 ;
;     -- OPERATION_MODE                     ; DUAL_PORT                                                    ;
;     -- WIDTH_A                            ; 8                                                            ;
;     -- NUMWORDS_A                         ; 256                                                          ;
;     -- OUTDATA_REG_A                      ; UNREGISTERED                                                 ;
;     -- WIDTH_B                            ; 8                                                            ;
;     -- NUMWORDS_B                         ; 256                                                          ;
;     -- ADDRESS_REG_B                      ; CLOCK0                                                       ;
;     -- OUTDATA_REG_B                      ; UNREGISTERED                                                 ;
;     -- RAM_BLOCK_TYPE                     ; AUTO                                                         ;
;     -- READ_DURING_WRITE_MODE_MIXED_PORTS ; DONT_CARE                                                    ;
+-------------------------------------------+--------------------------------------------------------------+


+----------------------------------------------------+
; Port Connectivity Checks: "registradorGenerico:PC" ;
+--------+-------+----------+------------------------+
; Port   ; Type  ; Severity ; Details                ;
+--------+-------+----------+------------------------+
; enable ; Input ; Info     ; Stuck at VCC           ;
; rst    ; Input ; Info     ; Stuck at GND           ;
+--------+-------+----------+------------------------+


+-----------------------------------------------------+
; Post-Synthesis Netlist Statistics for Top Partition ;
+-----------------------+-----------------------------+
; Type                  ; Count                       ;
+-----------------------+-----------------------------+
; arriav_ff             ; 26                          ;
;     ENA SLD           ; 8                           ;
;     plain             ; 18                          ;
; arriav_lcell_comb     ; 48                          ;
;     arith             ; 17                          ;
;         1 data inputs ; 8                           ;
;         2 data inputs ; 1                           ;
;         5 data inputs ; 8                           ;
;     normal            ; 31                          ;
;         1 data inputs ; 1                           ;
;         2 data inputs ; 2                           ;
;         3 data inputs ; 8                           ;
;         4 data inputs ; 9                           ;
;         5 data inputs ; 9                           ;
;         6 data inputs ; 2                           ;
; boundary_port         ; 25                          ;
; stratixv_ram_block    ; 8                           ;
;                       ;                             ;
; Max LUT depth         ; 3.80                        ;
; Average LUT depth     ; 2.57                        ;
+-----------------------+-----------------------------+


+-------------------------------+
; Elapsed Time Per Partition    ;
+----------------+--------------+
; Partition Name ; Elapsed Time ;
+----------------+--------------+
; Top            ; 00:00:00     ;
+----------------+--------------+


+-------------------------------+
; Analysis & Synthesis Messages ;
+-------------------------------+
Info: *******************************************************************
Info: Running Quartus Prime Analysis & Synthesis
    Info: Version 20.1.0 Build 711 06/05/2020 SJ Lite Edition
    Info: Processing started: Mon Sep 13 17:59:18 2021
Info: Command: quartus_map --read_settings_files=on --write_settings_files=off Aula4 -c Aula4
Info (20030): Parallel compilation is enabled and will use 6 of the 6 processors detected
Info (12021): Found 2 design units, including 1 entities, in source file memoriarom.vhd
    Info (12022): Found design unit 1: memoriaROM-assincrona File: D:/INSPER-FILES/Facul/6S/Descomp/Quartus Projects/Aula 4/memoriaROM.vhd Line: 16
    Info (12023): Found entity 1: memoriaROM File: D:/INSPER-FILES/Facul/6S/Descomp/Quartus Projects/Aula 4/memoriaROM.vhd Line: 5
Info (12021): Found 2 design units, including 1 entities, in source file ulasomasub.vhd
    Info (12022): Found design unit 1: ULASomaSub-comportamento File: D:/INSPER-FILES/Facul/6S/Descomp/Quartus Projects/Aula 4/ULASomaSub.vhd Line: 14
    Info (12023): Found entity 1: ULASomaSub File: D:/INSPER-FILES/Facul/6S/Descomp/Quartus Projects/Aula 4/ULASomaSub.vhd Line: 5
Info (12021): Found 2 design units, including 1 entities, in source file somaconstante.vhd
    Info (12022): Found design unit 1: somaConstante-comportamento File: D:/INSPER-FILES/Facul/6S/Descomp/Quartus Projects/Aula 4/somaConstante.vhd Line: 18
    Info (12023): Found entity 1: somaConstante File: D:/INSPER-FILES/Facul/6S/Descomp/Quartus Projects/Aula 4/somaConstante.vhd Line: 5
Info (12021): Found 2 design units, including 1 entities, in source file registradorgenerico.vhd
    Info (12022): Found design unit 1: registradorGenerico-comportamento File: D:/INSPER-FILES/Facul/6S/Descomp/Quartus Projects/Aula 4/registradorGenerico.vhd Line: 15
    Info (12023): Found entity 1: registradorGenerico File: D:/INSPER-FILES/Facul/6S/Descomp/Quartus Projects/Aula 4/registradorGenerico.vhd Line: 4
Info (12021): Found 2 design units, including 1 entities, in source file muxgenerico2x1.vhd
    Info (12022): Found design unit 1: muxGenerico2x1-comportamento File: D:/INSPER-FILES/Facul/6S/Descomp/Quartus Projects/Aula 4/muxGenerico2x1.vhd Line: 14
    Info (12023): Found entity 1: muxGenerico2x1 File: D:/INSPER-FILES/Facul/6S/Descomp/Quartus Projects/Aula 4/muxGenerico2x1.vhd Line: 4
Info (12021): Found 3 design units, including 1 entities, in source file edgedetector.vhd
    Info (12022): Found design unit 1: edgeDetector-bordaSubida File: D:/INSPER-FILES/Facul/6S/Descomp/Quartus Projects/Aula 4/edgeDetector.vhd Line: 10
    Info (12022): Found design unit 2: edgeDetector-bordaDescida File: D:/INSPER-FILES/Facul/6S/Descomp/Quartus Projects/Aula 4/edgeDetector.vhd Line: 23
    Info (12023): Found entity 1: edgeDetector File: D:/INSPER-FILES/Facul/6S/Descomp/Quartus Projects/Aula 4/edgeDetector.vhd Line: 4
Info (12021): Found 2 design units, including 1 entities, in source file decoder.vhd
    Info (12022): Found design unit 1: Decoder-comportamento File: D:/INSPER-FILES/Facul/6S/Descomp/Quartus Projects/Aula 4/Decoder.vhd Line: 22
    Info (12023): Found entity 1: Decoder File: D:/INSPER-FILES/Facul/6S/Descomp/Quartus Projects/Aula 4/Decoder.vhd Line: 5
Info (12021): Found 2 design units, including 1 entities, in source file aula4.vhd
    Info (12022): Found design unit 1: Aula4-arquitetura File: D:/INSPER-FILES/Facul/6S/Descomp/Quartus Projects/Aula 4/Aula4.vhd Line: 18
    Info (12023): Found entity 1: Aula4 File: D:/INSPER-FILES/Facul/6S/Descomp/Quartus Projects/Aula 4/Aula4.vhd Line: 4
Info (12021): Found 2 design units, including 1 entities, in source file bancoregistradoresarqregmem.vhd
    Info (12022): Found design unit 1: bancoRegistradoresArqRegMem-comportamento File: D:/INSPER-FILES/Facul/6S/Descomp/Quartus Projects/Aula 4/bancoRegistradoresArqRegMem.vhd Line: 23
    Info (12023): Found entity 1: bancoRegistradoresArqRegMem File: D:/INSPER-FILES/Facul/6S/Descomp/Quartus Projects/Aula 4/bancoRegistradoresArqRegMem.vhd Line: 5
Info (12127): Elaborating entity "Aula4" for the top level hierarchy
Warning (10541): VHDL Signal Declaration warning at Aula4.vhd(34): used implicit default value for signal "Reset_A" because signal was never assigned a value or an explicit default value. Use of implicit default value may introduce unintended design optimizations. File: D:/INSPER-FILES/Facul/6S/Descomp/Quartus Projects/Aula 4/Aula4.vhd Line: 34
Info (12128): Elaborating entity "muxGenerico2x1" for hierarchy "muxGenerico2x1:MUX1" File: D:/INSPER-FILES/Facul/6S/Descomp/Quartus Projects/Aula 4/Aula4.vhd Line: 50
Info (12128): Elaborating entity "registradorGenerico" for hierarchy "registradorGenerico:REG1" File: D:/INSPER-FILES/Facul/6S/Descomp/Quartus Projects/Aula 4/Aula4.vhd Line: 57
Info (12128): Elaborating entity "registradorGenerico" for hierarchy "registradorGenerico:PC" File: D:/INSPER-FILES/Facul/6S/Descomp/Quartus Projects/Aula 4/Aula4.vhd Line: 61
Info (12128): Elaborating entity "ULASomaSub" for hierarchy "ULASomaSub:ULA1" File: D:/INSPER-FILES/Facul/6S/Descomp/Quartus Projects/Aula 4/Aula4.vhd Line: 65
Info (12128): Elaborating entity "memoriaROM" for hierarchy "memoriaROM:ROM1" File: D:/INSPER-FILES/Facul/6S/Descomp/Quartus Projects/Aula 4/Aula4.vhd Line: 69
Info (12128): Elaborating entity "Decoder" for hierarchy "Decoder:DEC" File: D:/INSPER-FILES/Facul/6S/Descomp/Quartus Projects/Aula 4/Aula4.vhd Line: 73
Info (12128): Elaborating entity "somaConstante" for hierarchy "somaConstante:SOM" File: D:/INSPER-FILES/Facul/6S/Descomp/Quartus Projects/Aula 4/Aula4.vhd Line: 77
Info (12128): Elaborating entity "bancoRegistradoresArqRegMem" for hierarchy "bancoRegistradoresArqRegMem:MEM" File: D:/INSPER-FILES/Facul/6S/Descomp/Quartus Projects/Aula 4/Aula4.vhd Line: 80
Warning (276020): Inferred RAM node "bancoRegistradoresArqRegMem:MEM|registrador_rtl_0" from synchronous design logic.  Pass-through logic has been added to match the read-during-write behavior of the original design.
Info (19000): Inferred 1 megafunctions from design logic
    Info (276029): Inferred altsyncram megafunction from the following design logic: "bancoRegistradoresArqRegMem:MEM|registrador_rtl_0" 
        Info (286033): Parameter OPERATION_MODE set to DUAL_PORT
        Info (286033): Parameter WIDTH_A set to 8
        Info (286033): Parameter WIDTHAD_A set to 8
        Info (286033): Parameter NUMWORDS_A set to 256
        Info (286033): Parameter WIDTH_B set to 8
        Info (286033): Parameter WIDTHAD_B set to 8
        Info (286033): Parameter NUMWORDS_B set to 256
        Info (286033): Parameter ADDRESS_ACLR_A set to NONE
        Info (286033): Parameter OUTDATA_REG_B set to UNREGISTERED
        Info (286033): Parameter ADDRESS_ACLR_B set to NONE
        Info (286033): Parameter OUTDATA_ACLR_B set to NONE
        Info (286033): Parameter ADDRESS_REG_B set to CLOCK0
        Info (286033): Parameter INDATA_ACLR_A set to NONE
        Info (286033): Parameter WRCONTROL_ACLR_A set to NONE
Info (12130): Elaborated megafunction instantiation "bancoRegistradoresArqRegMem:MEM|altsyncram:registrador_rtl_0"
Info (12133): Instantiated megafunction "bancoRegistradoresArqRegMem:MEM|altsyncram:registrador_rtl_0" with the following parameter:
    Info (12134): Parameter "OPERATION_MODE" = "DUAL_PORT"
    Info (12134): Parameter "WIDTH_A" = "8"
    Info (12134): Parameter "WIDTHAD_A" = "8"
    Info (12134): Parameter "NUMWORDS_A" = "256"
    Info (12134): Parameter "WIDTH_B" = "8"
    Info (12134): Parameter "WIDTHAD_B" = "8"
    Info (12134): Parameter "NUMWORDS_B" = "256"
    Info (12134): Parameter "ADDRESS_ACLR_A" = "NONE"
    Info (12134): Parameter "OUTDATA_REG_B" = "UNREGISTERED"
    Info (12134): Parameter "ADDRESS_ACLR_B" = "NONE"
    Info (12134): Parameter "OUTDATA_ACLR_B" = "NONE"
    Info (12134): Parameter "ADDRESS_REG_B" = "CLOCK0"
    Info (12134): Parameter "INDATA_ACLR_A" = "NONE"
    Info (12134): Parameter "WRCONTROL_ACLR_A" = "NONE"
Info (12021): Found 1 design units, including 1 entities, in source file db/altsyncram_2ki1.tdf
    Info (12023): Found entity 1: altsyncram_2ki1 File: D:/INSPER-FILES/Facul/6S/Descomp/Quartus Projects/Aula 4/db/altsyncram_2ki1.tdf Line: 28
Info (286030): Timing-Driven Synthesis is running
Info (17036): Removed 5 MSB VCC or GND address nodes from RAM block "bancoRegistradoresArqRegMem:MEM|altsyncram:registrador_rtl_0|altsyncram_2ki1:auto_generated|ALTSYNCRAM" File: D:/INSPER-FILES/Facul/6S/Descomp/Quartus Projects/Aula 4/db/altsyncram_2ki1.tdf Line: 38
Info (16010): Generating hard_block partition "hard_block:auto_generated_inst"
    Info (16011): Adding 0 node(s), including 0 DDIO, 0 PLL, 0 transceiver and 0 LCELL
Warning (21074): Design contains 14 input pin(s) that do not drive logic
    Warning (15610): No output dependent on input pin "CLOCK_50" File: D:/INSPER-FILES/Facul/6S/Descomp/Quartus Projects/Aula 4/Aula4.vhd Line: 10
    Warning (15610): No output dependent on input pin "KEY[1]" File: D:/INSPER-FILES/Facul/6S/Descomp/Quartus Projects/Aula 4/Aula4.vhd Line: 11
    Warning (15610): No output dependent on input pin "KEY[2]" File: D:/INSPER-FILES/Facul/6S/Descomp/Quartus Projects/Aula 4/Aula4.vhd Line: 11
    Warning (15610): No output dependent on input pin "KEY[3]" File: D:/INSPER-FILES/Facul/6S/Descomp/Quartus Projects/Aula 4/Aula4.vhd Line: 11
    Warning (15610): No output dependent on input pin "SW[0]" File: D:/INSPER-FILES/Facul/6S/Descomp/Quartus Projects/Aula 4/Aula4.vhd Line: 12
    Warning (15610): No output dependent on input pin "SW[1]" File: D:/INSPER-FILES/Facul/6S/Descomp/Quartus Projects/Aula 4/Aula4.vhd Line: 12
    Warning (15610): No output dependent on input pin "SW[2]" File: D:/INSPER-FILES/Facul/6S/Descomp/Quartus Projects/Aula 4/Aula4.vhd Line: 12
    Warning (15610): No output dependent on input pin "SW[3]" File: D:/INSPER-FILES/Facul/6S/Descomp/Quartus Projects/Aula 4/Aula4.vhd Line: 12
    Warning (15610): No output dependent on input pin "SW[4]" File: D:/INSPER-FILES/Facul/6S/Descomp/Quartus Projects/Aula 4/Aula4.vhd Line: 12
    Warning (15610): No output dependent on input pin "SW[5]" File: D:/INSPER-FILES/Facul/6S/Descomp/Quartus Projects/Aula 4/Aula4.vhd Line: 12
    Warning (15610): No output dependent on input pin "SW[6]" File: D:/INSPER-FILES/Facul/6S/Descomp/Quartus Projects/Aula 4/Aula4.vhd Line: 12
    Warning (15610): No output dependent on input pin "SW[7]" File: D:/INSPER-FILES/Facul/6S/Descomp/Quartus Projects/Aula 4/Aula4.vhd Line: 12
    Warning (15610): No output dependent on input pin "SW[8]" File: D:/INSPER-FILES/Facul/6S/Descomp/Quartus Projects/Aula 4/Aula4.vhd Line: 12
    Warning (15610): No output dependent on input pin "SW[9]" File: D:/INSPER-FILES/Facul/6S/Descomp/Quartus Projects/Aula 4/Aula4.vhd Line: 12
Info (21057): Implemented 90 device resources after synthesis - the final resource count might be different
    Info (21058): Implemented 15 input pins
    Info (21059): Implemented 10 output pins
    Info (21061): Implemented 57 logic cells
    Info (21064): Implemented 8 RAM segments
Info: Quartus Prime Analysis & Synthesis was successful. 0 errors, 17 warnings
    Info: Peak virtual memory: 4872 megabytes
    Info: Processing ended: Mon Sep 13 17:59:25 2021
    Info: Elapsed time: 00:00:07
    Info: Total CPU time (on all processors): 00:00:16


